C51 COMPILER V9.54   MAIN                                                                  11/07/2023 06:15:58 PAGE 1   


C51 COMPILER V9.54, COMPILATION OF MODULE MAIN
OBJECT MODULE PLACED IN .\Objects\main.obj
COMPILER INVOKED BY: S:\Keil5\C51\BIN\C51.EXE main.c OPTIMIZE(8,SPEED) BROWSE DEBUG OBJECTEXTEND PRINT(.\Listings\main.l
                    -st) OBJECT(.\Objects\main.obj)

line level    source

   1          #include <REGX52.H>
   2          #include "delay.h"
   3          #include "nixie.h"
   4          #include "Motor.h"
   5          #include "IR.h"
   6          
   7          unsigned char Speed,Command;
   8          
   9          void main()
  10          {
  11   1              Motor_Init();
  12   1              IR_Init();
  13   1              while(1)
  14   1              {
  15   2                      if(IR_GetDataFlag())
  16   2                      {
  17   3                              Command=IR_GetCommand();
  18   3                              if(Command==0x16){Speed=0;Motor_SetSpeed(0);}
  19   3                              if(Command==0x0c){Speed=1;Motor_SetSpeed(50);}
  20   3                              if(Command==0x18){Speed=2;Motor_SetSpeed(75);}
  21   3                              if(Command==0x5e){Speed=3;Motor_SetSpeed(100);}
  22   3                      }
  23   2                      
  24   2                      nixie(1,Speed);
  25   2              }
  26   1      }
  27          


MODULE INFORMATION:   STATIC OVERLAYABLE
   CODE SIZE        =     80    ----
   CONSTANT SIZE    =   ----    ----
   XDATA SIZE       =   ----    ----
   PDATA SIZE       =   ----    ----
   DATA SIZE        =      2    ----
   IDATA SIZE       =   ----    ----
   BIT SIZE         =   ----    ----
END OF MODULE INFORMATION.


C51 COMPILATION COMPLETE.  0 WARNING(S),  0 ERROR(S)
