C51 COMPILER V9.54   MOTOR                                                                 11/07/2023 06:04:21 PAGE 1   


C51 COMPILER V9.54, COMPILATION OF MODULE MOTOR
OBJECT MODULE PLACED IN .\Objects\Motor.obj
COMPILER INVOKED BY: S:\Keil5\C51\BIN\C51.EXE Motor.c OPTIMIZE(8,SPEED) BROWSE DEBUG OBJECTEXTEND PRINT(.\Listings\Motor
                    -.lst) OBJECT(.\Objects\Motor.obj)

line level    source

   1          #include <REGX52.H>
   2          #include "timer1.h"
   3          
   4          unsigned char Counter,Compare;
   5          
   6          sbit Motor=P1^0;
   7          
   8          void Motor_Init(void)
   9          {
  10   1              timer1_init();
  11   1      }
  12          
  13          void Motor_SetSpeed(unsigned char Speed)
  14          {
  15   1              Compare=Speed;
  16   1      }
  17          
  18          void t1_rountine() interrupt 3 //100us
  19          {
  20   1              TL1 = 0xA4;                             
  21   1              TH1 = 0xFF;     
  22   1              Counter++;//µç»ú
  23   1              Counter%=100;
  24   1              if(Counter<Compare)
  25   1              {
  26   2                      Motor=1;
  27   2              }
  28   1              else
  29   1              {
  30   2                      Motor=0;        
  31   2              }
  32   1      }


MODULE INFORMATION:   STATIC OVERLAYABLE
   CODE SIZE        =     49    ----
   CONSTANT SIZE    =   ----    ----
   XDATA SIZE       =   ----    ----
   PDATA SIZE       =   ----    ----
   DATA SIZE        =      2    ----
   IDATA SIZE       =   ----    ----
   BIT SIZE         =   ----    ----
END OF MODULE INFORMATION.


C51 COMPILATION COMPLETE.  0 WARNING(S),  0 ERROR(S)
