C51 COMPILER V9.54   TIMER0                                                                11/07/2023 06:03:01 PAGE 1   


C51 COMPILER V9.54, COMPILATION OF MODULE TIMER0
OBJECT MODULE PLACED IN .\Objects\timer0.obj
COMPILER INVOKED BY: S:\Keil5\C51\BIN\C51.EXE timer0.c OPTIMIZE(8,SPEED) BROWSE DEBUG OBJECTEXTEND PRINT(.\Listings\time
                    -r0.lst) OBJECT(.\Objects\timer0.obj)

line level    source

   1          #include <REGX52.H>
   2          void timer0_init(void)
   3          {
   4   1              TMOD&=0XF0;
   5   1              TMOD|=0X01;
   6   1              TF0=0;
   7   1              TL0 = 0;                                
   8   1              TH0 = 0;                                
   9   1              TR0=0;
  10   1      }
  11          
  12          void Time0_SetCounter(unsigned int Value)
  13          {
  14   1              TH0=Value/256;
  15   1              TL0=Value%256;
  16   1      }
  17          
  18          unsigned int Time0_GetCounter(void)
  19          {
  20   1              return (TH0<<8)|TL0;
  21   1      }
  22          
  23          void Time0_Run(unsigned char flag)
  24          {
  25   1              TR0=flag;
  26   1      }


MODULE INFORMATION:   STATIC OVERLAYABLE
   CODE SIZE        =     42    ----
   CONSTANT SIZE    =   ----    ----
   XDATA SIZE       =   ----    ----
   PDATA SIZE       =   ----    ----
   DATA SIZE        =   ----    ----
   IDATA SIZE       =   ----    ----
   BIT SIZE         =   ----    ----
END OF MODULE INFORMATION.


C51 COMPILATION COMPLETE.  0 WARNING(S),  0 ERROR(S)
