C51 COMPILER V9.54   MAIN                                                                  11/01/2023 07:35:49 PAGE 1   


C51 COMPILER V9.54, COMPILATION OF MODULE MAIN
OBJECT MODULE PLACED IN .\Objects\main.obj
COMPILER INVOKED BY: S:\Keil5\C51\BIN\C51.EXE main.c OPTIMIZE(8,SPEED) BROWSE DEBUG OBJECTEXTEND PRINT(.\Listings\main.l
                    -st) OBJECT(.\Objects\main.obj)

line level    source

   1          #include <REGX52.H>
   2          #include "timer0.h"
   3          #include "nixie.h"
   4          #include "delay.h"
   5          #include "key.h"
   6          
   7          void main()
   8          {
   9   1              timer0_init();
  10   1              while(1)
  11   1              {
  12   2                      
  13   2              }
  14   1      }
  15          
  16          void t0_rountine() interrupt 1
  17          {
  18   1              static unsigned int t0count = 0;
  19   1              TL0 = 0x66;                             
  20   1              TH0 = 0xFC;     
  21   1              t0count++;
  22   1              if(t0count>=1000)
  23   1              {
  24   2                      t0count=0;
  25   2                      Key_Loop();
  26   2              }
  27   1      }


MODULE INFORMATION:   STATIC OVERLAYABLE
   CODE SIZE        =     93    ----
   CONSTANT SIZE    =   ----    ----
   XDATA SIZE       =   ----    ----
   PDATA SIZE       =   ----    ----
   DATA SIZE        =      2    ----
   IDATA SIZE       =   ----    ----
   BIT SIZE         =   ----    ----
END OF MODULE INFORMATION.


C51 COMPILATION COMPLETE.  0 WARNING(S),  0 ERROR(S)
