C51 COMPILER V9.54   NIXIE                                                                 11/02/2023 03:23:31 PAGE 1   


C51 COMPILER V9.54, COMPILATION OF MODULE NIXIE
OBJECT MODULE PLACED IN .\Objects\nixie.obj
COMPILER INVOKED BY: S:\Keil5\C51\BIN\C51.EXE nixie.c OPTIMIZE(8,SPEED) BROWSE DEBUG OBJECTEXTEND PRINT(.\Listings\nixie
                    -.lst) OBJECT(.\Objects\nixie.obj)

line level    source

   1          #include <REGX52.H>
   2          #include "delay.h"
   3          
   4          unsigned char Nixie_Buffer[9]={0,10,10,10,10,10,10,10,10};
   5          unsigned char Nixie_Numnum[]={0x3f,0x06,0x5b,0x4f,0x66,0x6d,0x7d,0x07,0x7f,0x6f,0x00,0x40};
   6          
   7          void Nixie_SetBuf(unsigned char location,num)//修改Buffer中的值
   8          {
   9   1              Nixie_Buffer[location]=num;
  10   1      }
  11          
  12          void Nixie_Scan(unsigned char location,num)//扫描显示
  13          {
  14   1              P0=0x00;//消隐
  15   1              switch(location)
  16   1              {
  17   2                      case 1:
  18   2                              P2_4=1;P2_3=1;P2_2=1;break;
  19   2                      case 2:
  20   2                              P2_4=1;P2_3=1;P2_2=0;break;
  21   2                      case 3:
  22   2                              P2_4=1;P2_3=0;P2_2=1;break;
  23   2                      case 4:
  24   2                              P2_4=1;P2_3=0;P2_2=0;break;
  25   2                      case 5:
  26   2                              P2_4=0;P2_3=1;P2_2=1;break;
  27   2                      case 6:
  28   2                              P2_4=0;P2_3=1;P2_2=0;break;
  29   2                      case 7:
  30   2                              P2_4=0;P2_3=0;P2_2=1;break;
  31   2                      case 8:
  32   2                              P2_4=0;P2_3=0;P2_2=0;break;
  33   2              }
  34   1              P0=Nixie_Numnum[num];
  35   1      }
  36          
  37          void Nixie_Loop(void)
  38          {
  39   1              static unsigned char i=1;
  40   1              Nixie_Scan(i,Nixie_Buffer[i]);
  41   1              i++;
  42   1              if(i>9){i=1;}
  43   1      }


MODULE INFORMATION:   STATIC OVERLAYABLE
   CODE SIZE        =    138    ----
   CONSTANT SIZE    =   ----    ----
   XDATA SIZE       =   ----    ----
   PDATA SIZE       =   ----    ----
   DATA SIZE        =     22    ----
   IDATA SIZE       =   ----    ----
   BIT SIZE         =   ----    ----
END OF MODULE INFORMATION.

C51 COMPILER V9.54   NIXIE                                                                 11/02/2023 03:23:31 PAGE 2   


C51 COMPILATION COMPLETE.  0 WARNING(S),  0 ERROR(S)
