C51 COMPILER V9.54   MAIN                                                                  11/01/2023 07:17:21 PAGE 1   


C51 COMPILER V9.54, COMPILATION OF MODULE MAIN
OBJECT MODULE PLACED IN .\Objects\main.obj
COMPILER INVOKED BY: S:\Keil5\C51\BIN\C51.EXE main.c OPTIMIZE(8,SPEED) BROWSE DEBUG OBJECTEXTEND PRINT(.\Listings\main.l
                    -st) OBJECT(.\Objects\main.obj)

line level    source

   1          #include <REGX52.H>
   2          #include "LCD1602.h"
   3          #include "delay.h"
   4          #include "key.h"
   5          #include "AT24C02.h"
   6          
   7          unsigned char keynum;
   8          unsigned int num=65522;
   9          
  10          void main()
  11          {
  12   1              LCD_Init();     
  13   1              LCD_ShowNum(1,1,num,5);//程序开始时就显示数值
  14   1              while(1)
  15   1              {
  16   2                      keynum=key();
  17   2                      if(keynum==1)
  18   2                      {
  19   3                              num++;
  20   3                              LCD_ShowNum(1,1,num,5);
  21   3                      }
  22   2                      if(keynum==2)
  23   2                      {
  24   3                              num--;
  25   3                              LCD_ShowNum(1,1,num,5);
  26   3                      }
  27   2                      if(keynum==3)
  28   2                      {
  29   3                              AT24C02_WriteByte(0,num%256);
  30   3                              delay(5);
  31   3                              AT24C02_WriteByte(1,num/256);
  32   3                              delay(5);
  33   3                              LCD_ShowString(2,1,"save success");
  34   3                              delay(1000);
  35   3                              LCD_ShowString(2,1,"            ");
  36   3                      }
  37   2                      if(keynum==4)
  38   2                      {
  39   3                              num=AT24C02_ReadByte(0);
  40   3                              num|=AT24C02_ReadByte(1)<<8;
  41   3                              LCD_ShowNum(1,1,num,5);
  42   3                              LCD_ShowString(2,1,"loading success");
  43   3                              delay(1000);
  44   3                              LCD_ShowString(2,1,"               ");
  45   3                      }
  46   2              }
  47   1      }


MODULE INFORMATION:   STATIC OVERLAYABLE
   CODE SIZE        =    223    ----
   CONSTANT SIZE    =     58    ----
   XDATA SIZE       =   ----    ----
   PDATA SIZE       =   ----    ----
C51 COMPILER V9.54   MAIN                                                                  11/01/2023 07:17:21 PAGE 2   

   DATA SIZE        =      3    ----
   IDATA SIZE       =   ----    ----
   BIT SIZE         =   ----    ----
END OF MODULE INFORMATION.


C51 COMPILATION COMPLETE.  0 WARNING(S),  0 ERROR(S)
