C51 COMPILER V9.54   MAIN                                                                  11/07/2023 01:26:09 PAGE 1   


C51 COMPILER V9.54, COMPILATION OF MODULE MAIN
OBJECT MODULE PLACED IN .\Objects\main.obj
COMPILER INVOKED BY: S:\Keil5\C51\BIN\C51.EXE main.c OPTIMIZE(8,SPEED) BROWSE DEBUG OBJECTEXTEND PRINT(.\Listings\main.l
                    -st) OBJECT(.\Objects\main.obj)

line level    source

   1          #include <REGX52.H>
   2          #include "LCD1602.h"
   3          #include "delay.h"
   4          #include "XPT2046.h"
   5          
   6          unsigned int ADValue;
   7          
   8          void main()
   9          {
  10   1              LCD_Init();
  11   1              LCD_ShowString(1,1,"ADJ  NTC   RG");
  12   1              while(1)
  13   1              {
  14   2                      ADValue=XPT2046_ReadValue(XPT2046_XP8);
  15   2                      LCD_ShowNum(2,1,ADValue,4);
  16   2                      ADValue=XPT2046_ReadValue(XPT2046_YP8);
  17   2                      LCD_ShowNum(2,6,ADValue,3);
  18   2                      ADValue=XPT2046_ReadValue(XPT2046_VBAT8);
  19   2                      LCD_ShowNum(2,11,ADValue,3);
  20   2                      delay(10);
  21   2              }
  22   1      }


MODULE INFORMATION:   STATIC OVERLAYABLE
   CODE SIZE        =     94    ----
   CONSTANT SIZE    =     14    ----
   XDATA SIZE       =   ----    ----
   PDATA SIZE       =   ----    ----
   DATA SIZE        =      2    ----
   IDATA SIZE       =   ----    ----
   BIT SIZE         =   ----    ----
END OF MODULE INFORMATION.


C51 COMPILATION COMPLETE.  0 WARNING(S),  0 ERROR(S)
