C51 COMPILER V9.54   KEY                                                                   11/03/2023 06:46:05 PAGE 1   


C51 COMPILER V9.54, COMPILATION OF MODULE KEY
OBJECT MODULE PLACED IN .\Objects\key.obj
COMPILER INVOKED BY: S:\Keil5\C51\BIN\C51.EXE key.c OPTIMIZE(8,SPEED) BROWSE DEBUG OBJECTEXTEND PRINT(.\Listings\key.lst
                    -) OBJECT(.\Objects\key.obj)

line level    source

   1          #include <REGX52.H>
   2          #include "delay.h"
   3          
   4          unsigned char Key_KeyNumber=0;
   5          
   6          unsigned char key_GetState()
   7          {
   8   1              unsigned char keynumber=0;
   9   1              if(P3_1==0){keynumber=1;}
  10   1              if(P3_0==0){keynumber=2;}
  11   1              if(P3_2==0){keynumber=3;}
  12   1              if(P3_3==0){keynumber=4;}
  13   1              return keynumber;
  14   1      }
  15          
  16          void Key_Loop(void)
  17          {
  18   1              static unsigned char NowNumber,BeforeNumber;
  19   1              BeforeNumber=NowNumber;
  20   1              NowNumber=key_GetState();
  21   1              if(BeforeNumber==1 && NowNumber==0)//ËÉ¿ª°´¼ü
  22   1              {
  23   2                      Key_KeyNumber=1;
  24   2              }
  25   1              if(BeforeNumber==2 && NowNumber==0)
  26   1              {
  27   2                      Key_KeyNumber=2;
  28   2              }
  29   1              if(BeforeNumber==3 && NowNumber==0)
  30   1              {
  31   2                      Key_KeyNumber=3;
  32   2              }
  33   1              if(BeforeNumber==4 && NowNumber==0)
  34   1              {
  35   2                      Key_KeyNumber=4;
  36   2              }
  37   1      }
  38          
  39          unsigned char key(void)
  40          {
  41   1              unsigned char temp;
  42   1              temp=Key_KeyNumber;
  43   1              Key_KeyNumber=0;
  44   1              return temp;
  45   1      }


MODULE INFORMATION:   STATIC OVERLAYABLE
   CODE SIZE        =     85    ----
   CONSTANT SIZE    =   ----    ----
   XDATA SIZE       =   ----    ----
   PDATA SIZE       =   ----    ----
   DATA SIZE        =      3    ----
   IDATA SIZE       =   ----    ----
C51 COMPILER V9.54   KEY                                                                   11/03/2023 06:46:05 PAGE 2   

   BIT SIZE         =   ----    ----
END OF MODULE INFORMATION.


C51 COMPILATION COMPLETE.  0 WARNING(S),  0 ERROR(S)
