C51 COMPILER V9.54   MAIN                                                                  11/03/2023 06:46:22 PAGE 1   


C51 COMPILER V9.54, COMPILATION OF MODULE MAIN
OBJECT MODULE PLACED IN .\Objects\main.obj
COMPILER INVOKED BY: S:\Keil5\C51\BIN\C51.EXE main.c OPTIMIZE(8,SPEED) BROWSE DEBUG OBJECTEXTEND PRINT(.\Listings\main.l
                    -st) OBJECT(.\Objects\main.obj)

line level    source

   1          #include <REGX52.H>
   2          #include "LCD1602.h"
   3          #include "AT24C02.h"
   4          #include "delay.h"
   5          #include "DS18B20.h"
   6          #include "key.h"
   7          #include "timer0.h"
   8          
   9          float T,TShow;
  10          char TLow,THigh;
  11          unsigned char keynum;
  12          
  13          void main()
  14          {
  15   1              THigh=AT24C02_ReadByte(0);
  16   1              TLow=AT24C02_ReadByte(1);
  17   1              if(THigh>125 || TLow<-55 ||THigh<=TLow)
  18   1              {
  19   2                      THigh=20;
  20   2                      TLow=10;
  21   2              }
  22   1              
  23   1              LCD_Init();
  24   1              timer0_init();
  25   1              DS18B20_ConvertTempera();
  26   1              delay(1000);
  27   1              LCD_ShowString(1,1,"T:");
  28   1              LCD_ShowString(2,1,"TH:");
  29   1              LCD_ShowString(2,9,"TL:");
  30   1              
  31   1              LCD_ShowSignedNum(2,3,THigh,3);
  32   1              LCD_ShowSignedNum(2,12,TLow,3);
  33   1              
  34   1              while(1)
  35   1              {
  36   2                      keynum=key();
  37   2                      //温度读取及显示
  38   2                      DS18B20_ConvertTempera();
  39   2                      T=DS18B20_Read_Tempera();
  40   2                      if(T<0)
  41   2                      {
  42   3                              LCD_ShowChar(1,3,'-');
  43   3                              TShow=-T;
  44   3                      }
  45   2                      else
  46   2                      {
  47   3                              TShow=T;
  48   3                              LCD_ShowChar(1,3,'+');
  49   3                      }       
  50   2                      LCD_ShowNum(1,4,T,3);
  51   2                      LCD_ShowChar(1,7,'.');
  52   2                      LCD_ShowNum(1,8,(unsigned long)(TShow*100)%100,2);
  53   2                      
  54   2                      //温度阈值判断与显示
C51 COMPILER V9.54   MAIN                                                                  11/03/2023 06:46:22 PAGE 2   

  55   2                      if(keynum)
  56   2                      {
  57   3                              if(keynum==1)
  58   3                              {
  59   4                                      THigh++;
  60   4                                      if(THigh>125){THigh=125;}
  61   4                              }
  62   3                              if(keynum==2)
  63   3                              {
  64   4                                      THigh--;
  65   4                                      if(THigh<TLow){THigh++;}
  66   4                              }       
  67   3                              if(keynum==3)
  68   3                              {
  69   4                                      TLow++;
  70   4                                      if(TLow>=THigh){TLow--;}
  71   4                              }       
  72   3                              if(keynum==4)
  73   3                              {
  74   4                                      TLow--;
  75   4                                      if(TLow<-55){TLow=-55;}
  76   4                              }
  77   3                              LCD_ShowSignedNum(2,3,THigh,3);
  78   3                              LCD_ShowSignedNum(2,12,TLow,3);
  79   3                              
  80   3                              AT24C02_WriteByte(0,THigh);
  81   3                              delay(5);
  82   3                              AT24C02_WriteByte(1,TLow);
  83   3                              delay(5);
  84   3                      }
  85   2                      if(T>THigh)              {LCD_ShowString(1,12,"OV:H");}
  86   2                      else if(T<TLow)      {LCD_ShowString(1,12,"OV:L");}
  87   2                      else                     {LCD_ShowString(1,12,"    ");}
  88   2              }
  89   1      }
  90          
  91          void t0_rountine() interrupt 1
  92          {
  93   1              static unsigned int t0count = 0;
  94   1              TL0 = 0x66;                             
  95   1              TH0 = 0xFC;     
  96   1              t0count++;
  97   1              if(t0count>=20)
  98   1              {
  99   2                      t0count=0;
 100   2                      Key_Loop(); 
 101   2              }
 102   1      }


MODULE INFORMATION:   STATIC OVERLAYABLE
   CODE SIZE        =    629    ----
   CONSTANT SIZE    =     26    ----
   XDATA SIZE       =   ----    ----
   PDATA SIZE       =   ----    ----
   DATA SIZE        =     13    ----
   IDATA SIZE       =   ----    ----
   BIT SIZE         =   ----    ----
END OF MODULE INFORMATION.


C51 COMPILATION COMPLETE.  0 WARNING(S),  0 ERROR(S)
