C51 COMPILER V9.54   MAIN                                                                  10/31/2023 04:25:40 PAGE 1   


C51 COMPILER V9.54, COMPILATION OF MODULE MAIN
OBJECT MODULE PLACED IN .\Objects\main.obj
COMPILER INVOKED BY: S:\Keil5\C51\BIN\C51.EXE main.c OPTIMIZE(8,SPEED) BROWSE DEBUG OBJECTEXTEND PRINT(.\Listings\main.l
                    -st) OBJECT(.\Objects\main.obj)

line level    source

   1          #include <REGX52.H>
   2          #include "key.h"
   3          #include "nixie.h"
   4          #include "Buzzer.h"
   5          
   6          unsigned char Keynum=0;
   7          
   8          void main()
   9          {
  10   1              nixie(1,0);
  11   1              while(1)
  12   1              {
  13   2                      Keynum=key();
  14   2                      if(Keynum)
  15   2                      {
  16   3                              Buzzer_Time(100);
  17   3                              nixie(1,Keynum);
  18   3                      }
  19   2              }
  20   1      }


MODULE INFORMATION:   STATIC OVERLAYABLE
   CODE SIZE        =     36    ----
   CONSTANT SIZE    =   ----    ----
   XDATA SIZE       =   ----    ----
   PDATA SIZE       =   ----    ----
   DATA SIZE        =      1    ----
   IDATA SIZE       =   ----    ----
   BIT SIZE         =   ----    ----
END OF MODULE INFORMATION.


C51 COMPILATION COMPLETE.  0 WARNING(S),  0 ERROR(S)
