C51 COMPILER V9.54   MAIN                                                                  07/10/2023 02:15:16 PAGE 1   


C51 COMPILER V9.54, COMPILATION OF MODULE MAIN
OBJECT MODULE PLACED IN .\Objects\main.obj
COMPILER INVOKED BY: S:\Keil5\C51\BIN\C51.EXE main.c OPTIMIZE(8,SPEED) BROWSE DEBUG OBJECTEXTEND PRINT(.\Listings\main.l
                    -st) TABS(2) OBJECT(.\Objects\main.obj)

line level    source

   1          #include <REGX52.H>
   2          #include <INTRINS.H>
   3          void Delay500ms()   //@11.0592MHz
   4          {
   5   1        unsigned char data i, j, k;
   6   1      
   7   1        _nop_();
   8   1        i = 4;
   9   1        j = 129;
  10   1        k = 119;
  11   1        do
  12   1        {
  13   2          do
  14   2          {
  15   3            while (--k);
  16   3          } while (--j);
  17   2        } while (--i);
  18   1      }
  19          void main()
  20          {
  21   1          while(1)
  22   1          {
  23   2            P2=0xfe;//11111110 fe
  24   2            Delay500ms();
  25   2            P2=0xfd;//11111101 fd
  26   2            Delay500ms();
  27   2            P2=0xfb;//11111011 fb
  28   2            Delay500ms();
  29   2            P2=0xf7;//11110111 f7
  30   2            Delay500ms();
  31   2            P2=0xef;//11101111 ef
  32   2            Delay500ms();
  33   2            P2=0xdf;//11011111 df
  34   2            Delay500ms();
  35   2            P2=0xbf;//10111111 bf
  36   2            Delay500ms();
  37   2            P2=0x7f;//01111111 7f
  38   2            Delay500ms();
  39   2          }
  40   1      }
  41          
  42          
  43          


MODULE INFORMATION:   STATIC OVERLAYABLE
   CODE SIZE        =     64    ----
   CONSTANT SIZE    =   ----    ----
   XDATA SIZE       =   ----    ----
   PDATA SIZE       =   ----    ----
   DATA SIZE        =   ----    ----
   IDATA SIZE       =   ----    ----
   BIT SIZE         =   ----    ----
END OF MODULE INFORMATION.

C51 COMPILER V9.54   MAIN                                                                  07/10/2023 02:15:16 PAGE 2   


C51 COMPILATION COMPLETE.  0 WARNING(S),  0 ERROR(S)
