C51 COMPILER V9.54   MAIN                                                                  07/16/2023 05:42:28 PAGE 1   


C51 COMPILER V9.54, COMPILATION OF MODULE MAIN
OBJECT MODULE PLACED IN .\Objects\main.obj
COMPILER INVOKED BY: S:\Keil5\C51\BIN\C51.EXE main.c OPTIMIZE(8,SPEED) BROWSE DEBUG OBJECTEXTEND PRINT(.\Listings\main.l
                    -st) OBJECT(.\Objects\main.obj)

line level    source

   1          #include <REGX52.H>
   2          #include "delay.h"
   3          #include "lcd1602.h"
   4          #include "matrixkey.h"
   5          
   6          unsigned char keynum;
   7          unsigned int password,count=0;
   8          unsigned int cuspass=2345;
   9          void main()
  10          {       
  11   1              LCD_Init();
  12   1              LCD_ShowString(1,1,"Password:");
  13   1              while(1)
  14   1              {
  15   2      //              if(keynum)
  16   2      //                      LCD_ShowString(1,14,"   ");
  17   2                      keynum=matrixkey();
  18   2                      if(keynum)
  19   2                      {       
  20   3                              if(keynum<=10&&count<4)//如果S1-S10按键按下则输入密码
  21   3                              {       
  22   4                                      count++;//计次加一
  23   4                                      password*=10;//密码左移一位
  24   4                                      password+=keynum%10;//获得一位密码
  25   4                                      LCD_ShowNum(2,1,password,4);
  26   4                              }                       
  27   3                      }
  28   2                      if(keynum==11)
  29   2                      {
  30   3                              if(password==cuspass)
  31   3                              {
  32   4                                      LCD_ShowString(1,14,"OK ");//显示ok
  33   4                                      password=0;
  34   4                                      count=0;
  35   4                                      LCD_ShowNum(2,1,password,4);
  36   4                              }
  37   3                              else
  38   3                              {
  39   4                                      LCD_ShowString(1,14,"ERR");//显示ok
  40   4                                      password=0;
  41   4                                      count=0;
  42   4                                      LCD_ShowNum(2,1,password,4);
  43   4                              }
  44   3                      }       
  45   2                      if(keynum==12)
  46   2                      {
  47   3                              password=0;
  48   3                              count=0;
  49   3                              LCD_ShowNum(2,1,password,4);
  50   3                      }
  51   2              }
  52   1      }


C51 COMPILER V9.54   MAIN                                                                  07/16/2023 05:42:28 PAGE 2   

MODULE INFORMATION:   STATIC OVERLAYABLE
   CODE SIZE        =    188    ----
   CONSTANT SIZE    =     18    ----
   XDATA SIZE       =   ----    ----
   PDATA SIZE       =   ----    ----
   DATA SIZE        =      7    ----
   IDATA SIZE       =   ----    ----
   BIT SIZE         =   ----    ----
END OF MODULE INFORMATION.


C51 COMPILATION COMPLETE.  0 WARNING(S),  0 ERROR(S)
