C51 COMPILER V9.54   MATRIXKEY                                                             07/16/2023 05:20:33 PAGE 1   


C51 COMPILER V9.54, COMPILATION OF MODULE MATRIXKEY
OBJECT MODULE PLACED IN .\Objects\matrixkey.obj
COMPILER INVOKED BY: S:\Keil5\C51\BIN\C51.EXE matrixkey.c OPTIMIZE(8,SPEED) BROWSE DEBUG OBJECTEXTEND PRINT(.\Listings\m
                    -atrixkey.lst) OBJECT(.\Objects\matrixkey.obj)

line level    source

   1          #include <REGX52.H>
   2          #include "delay.h"
   3          
   4          /**
   5            * @brief  矩阵键盘读取按键键码
   6            * @param  无
   7            * @retval keynumber:按下按下按键的键码值
   8            如果按键按下不放，程序会停留在子函数，松手瞬间返回按键键码
   9          妹挥邪醇按下时返回0
  10            */
  11          unsigned char matrixkey()
  12          {
  13   1              unsigned char keynumber=0;
  14   1              P1=0XFF;
  15   1              P1_3=0;
  16   1              if(P1_7==0){delay(20);while(P1_7==0);delay(20);keynumber=1;}
  17   1              if(P1_6==0){delay(20);while(P1_6==0);delay(20);keynumber=5;}
  18   1              if(P1_5==0){delay(20);while(P1_5==0);delay(20);keynumber=9;}
  19   1              if(P1_4==0){delay(20);while(P1_4==0);delay(20);keynumber=13;}   
  20   1              
  21   1              P1=0XFF;
  22   1              P1_2=0;
  23   1              if(P1_7==0){delay(20);while(P1_7==0);delay(20);keynumber=2;}
  24   1              if(P1_6==0){delay(20);while(P1_6==0);delay(20);keynumber=6;}
  25   1              if(P1_5==0){delay(20);while(P1_5==0);delay(20);keynumber=10;}
  26   1              if(P1_4==0){delay(20);while(P1_4==0);delay(20);keynumber=14;}   
  27   1              
  28   1              P1=0XFF;
  29   1              P1_1=0;
  30   1              if(P1_7==0){delay(20);while(P1_7==0);delay(20);keynumber=3;}
  31   1              if(P1_6==0){delay(20);while(P1_6==0);delay(20);keynumber=7;}
  32   1              if(P1_5==0){delay(20);while(P1_5==0);delay(20);keynumber=11;}
  33   1              if(P1_4==0){delay(20);while(P1_4==0);delay(20);keynumber=15;}   
  34   1              
  35   1              P1=0XFF;
  36   1              P1_0=0;
  37   1              if(P1_7==0){delay(20);while(P1_7==0);delay(20);keynumber=4;}
  38   1              if(P1_6==0){delay(20);while(P1_6==0);delay(20);keynumber=8;}
  39   1              if(P1_5==0){delay(20);while(P1_5==0);delay(20);keynumber=12;}
  40   1              if(P1_4==0){delay(20);while(P1_4==0);delay(20);keynumber=16;}   
  41   1              
  42   1              return keynumber;
  43   1      }


MODULE INFORMATION:   STATIC OVERLAYABLE
   CODE SIZE        =    393    ----
   CONSTANT SIZE    =   ----    ----
   XDATA SIZE       =   ----    ----
   PDATA SIZE       =   ----    ----
   DATA SIZE        =   ----       1
   IDATA SIZE       =   ----    ----
   BIT SIZE         =   ----    ----
END OF MODULE INFORMATION.

C51 COMPILER V9.54   MATRIXKEY                                                             07/16/2023 05:20:33 PAGE 2   


C51 COMPILATION COMPLETE.  0 WARNING(S),  0 ERROR(S)
