C51 COMPILER V9.54   MAIN                                                                  09/06/2023 06:50:56 PAGE 1   


C51 COMPILER V9.54, COMPILATION OF MODULE MAIN
OBJECT MODULE PLACED IN .\Objects\main.obj
COMPILER INVOKED BY: S:\Keil5\C51\BIN\C51.EXE main.c OPTIMIZE(8,SPEED) BROWSE DEBUG OBJECTEXTEND PRINT(.\Listings\main.l
                    -st) OBJECT(.\Objects\main.obj)

line level    source

   1          #include <REGX52.H>
   2          #include "delay.h"
   3          #define matrix_led_port P0
   4          sbit SER=P3^4;  
   5          sbit SCK=P3^6;  //SRCLK
   6          sbit RCK=P3^5;  //RCLK
   7          
   8          void _74HC595_writebyte(unsigned char byte)
   9          {
  10   1              unsigned char i;
  11   1              //P2=~byte;
  12   1              for(i=0;i<8;i++)
  13   1              {
  14   2                      SER=byte&(0x80>>i);//位赋值，大于0则赋1，等于0赋0
  15   2                      SCK=1;
  16   2                      SCK=0;
  17   2              }
  18   1              RCK=1;
  19   1              RCK=0;
  20   1      
  21   1      } 
  22          
  23          void matrixled_showcolumn(unsigned char column,da)
  24          {
  25   1              _74HC595_writebyte(da);
  26   1              matrix_led_port=~(0x80>>column);//第column列为低电平
  27   1              delay(1);
  28   1              matrix_led_port=0xff;//位清零，防残影
  29   1      }
  30          
  31          void main()
  32          {
  33   1              SCK=0;
  34   1              RCK=0;
  35   1              while(1)
  36   1              {
  37   2                      matrixled_showcolumn(0,0x3c);
  38   2                      matrixled_showcolumn(1,0x42);
  39   2                      matrixled_showcolumn(2,0xa9);
  40   2                      matrixled_showcolumn(3,0x85);
  41   2                      matrixled_showcolumn(4,0x85);
  42   2                      matrixled_showcolumn(5,0xa9);
  43   2                      matrixled_showcolumn(6,0x42);
  44   2                      matrixled_showcolumn(7,0x3c);
  45   2              }
  46   1      }


MODULE INFORMATION:   STATIC OVERLAYABLE
   CODE SIZE        =    157    ----
   CONSTANT SIZE    =   ----    ----
   XDATA SIZE       =   ----    ----
   PDATA SIZE       =   ----    ----
   DATA SIZE        =   ----    ----
C51 COMPILER V9.54   MAIN                                                                  09/06/2023 06:50:56 PAGE 2   

   IDATA SIZE       =   ----    ----
   BIT SIZE         =   ----    ----
END OF MODULE INFORMATION.


C51 COMPILATION COMPLETE.  0 WARNING(S),  0 ERROR(S)
