C51 COMPILER V9.54   MAIN                                                                  07/13/2023 07:27:04 PAGE 1   


C51 COMPILER V9.54, COMPILATION OF MODULE MAIN
OBJECT MODULE PLACED IN .\Objects\main.obj
COMPILER INVOKED BY: S:\Keil5\C51\BIN\C51.EXE main.c OPTIMIZE(8,SPEED) BROWSE DEBUG OBJECTEXTEND PRINT(.\Listings\main.l
                    -st) OBJECT(.\Objects\main.obj)

line level    source

   1          #include <REGX52.H>
   2          #include <intrins.h>
   3          char lednum=-1;
   4          void delay(unsigned int time)           //@11.0592MHz
   5          {
   6   1              unsigned char data i, j;
   7   1              while(time--)
   8   1              {       
   9   2                      _nop_();
  10   2                      i = 2;
  11   2                      j = 199;
  12   2                      do
  13   2                      {
  14   3                              while (--j);
  15   3                      } while (--i);
  16   2              }
  17   1      }
  18          int main()
  19          {
  20   1              while(1)
  21   1              {
  22   2                      if(P3_1==0)
  23   2                      {
  24   3                              delay(20);
  25   3                              while(P3_1==0);
  26   3                              delay(20);
  27   3                              lednum++;
  28   3                              if(lednum>=8)
  29   3                                      lednum=0;
  30   3                              P2=~(0x01<<lednum);
  31   3                      }
  32   2                      
  33   2                      if(P3_0==0)
  34   2                      {
  35   3                              delay(20);
  36   3                              while(P3_0==0);
  37   3                              delay(20);
  38   3                              if(lednum<=0)
  39   3                                      lednum=7; 
  40   3                              else
  41   3                                      lednum--;
  42   3                              P2=~(0x01<<lednum);
  43   3      
  44   3                      }
  45   2              }
  46   1      }


MODULE INFORMATION:   STATIC OVERLAYABLE
   CODE SIZE        =    114    ----
   CONSTANT SIZE    =   ----    ----
   XDATA SIZE       =   ----    ----
   PDATA SIZE       =   ----    ----
   DATA SIZE        =      1    ----
C51 COMPILER V9.54   MAIN                                                                  07/13/2023 07:27:04 PAGE 2   

   IDATA SIZE       =   ----    ----
   BIT SIZE         =   ----    ----
END OF MODULE INFORMATION.


C51 COMPILATION COMPLETE.  0 WARNING(S),  0 ERROR(S)
