C51 COMPILER V9.54   INT0                                                                  11/07/2023 06:03:01 PAGE 1   


C51 COMPILER V9.54, COMPILATION OF MODULE INT0
OBJECT MODULE PLACED IN .\Objects\Int0.obj
COMPILER INVOKED BY: S:\Keil5\C51\BIN\C51.EXE Int0.c OPTIMIZE(8,SPEED) BROWSE DEBUG OBJECTEXTEND PRINT(.\Listings\Int0.l
                    -st) OBJECT(.\Objects\Int0.obj)

line level    source

   1          #include <REGX52.H>
   2          
   3          void Int0_Init()
   4          {       
   5   1              IT0=1;//下降沿触发为1，低电平触发为0
   6   1              IE0=0;
   7   1              EX0=1;
   8   1              PX0=1;
   9   1              EA=1;
  10   1      }
  11          
  12          //void Int0_Routine(void) interrupt 0
  13          //{
  14          //      number++;
  15          //}


MODULE INFORMATION:   STATIC OVERLAYABLE
   CODE SIZE        =     11    ----
   CONSTANT SIZE    =   ----    ----
   XDATA SIZE       =   ----    ----
   PDATA SIZE       =   ----    ----
   DATA SIZE        =   ----    ----
   IDATA SIZE       =   ----    ----
   BIT SIZE         =   ----    ----
END OF MODULE INFORMATION.


C51 COMPILATION COMPLETE.  0 WARNING(S),  0 ERROR(S)
