C51 COMPILER V9.54   TIMER1                                                                11/07/2023 05:51:33 PAGE 1   


C51 COMPILER V9.54, COMPILATION OF MODULE TIMER1
OBJECT MODULE PLACED IN .\Objects\timer1.obj
COMPILER INVOKED BY: S:\Keil5\C51\BIN\C51.EXE timer1.c OPTIMIZE(8,SPEED) BROWSE DEBUG OBJECTEXTEND PRINT(.\Listings\time
                    -r1.lst) OBJECT(.\Objects\timer1.obj)

line level    source

   1          #include <REGX52.H>
   2          void timer1_init(void)
   3          {
   4   1              //TMOD=0X01;//0000 0001,TMOD?
   5   1              TMOD&=0X0F;//
   6   1              TMOD|=0X10;
   7   1              TF1=0;//TCON
   8   1              TR1=1;
   9   1              TL1 = 0xA4;                             //设置定时初始值100us
  10   1              TH1 = 0xFF;                             //设置定时初始值
  11   1              //TL0=64535%256+1;//0x18
  12   1              //TH0=64535/256;//0xfc
  13   1              ET1=1;//允许中断
  14   1              EA=1;//
  15   1              PT1=0;
  16   1      }
  17          
  18                  //TL1 = 0xA4;                           //设置定时初始值100us
  19                  //TH1 = 0xFF;   
  20          //定时器中断函数模板
  21          //void t1_rountine() interrupt 3
  22          //{
  23          //      static unsigned int t1count = 0;
  24          //      TL1 = 0xA4;                             
  25          //      TH1 = 0xFF;     
  26          //      t1count++;
  27          //      if(t1count>=1000)
  28          //      {
  29          //              t1count=0;
  30          //              P2_0=~P2_0; 
  31          //      }
  32          //}


MODULE INFORMATION:   STATIC OVERLAYABLE
   CODE SIZE        =     23    ----
   CONSTANT SIZE    =   ----    ----
   XDATA SIZE       =   ----    ----
   PDATA SIZE       =   ----    ----
   DATA SIZE        =   ----    ----
   IDATA SIZE       =   ----    ----
   BIT SIZE         =   ----    ----
END OF MODULE INFORMATION.


C51 COMPILATION COMPLETE.  0 WARNING(S),  0 ERROR(S)
