C51 COMPILER V9.54   MAIN                                                                  07/14/2023 06:04:16 PAGE 1   


C51 COMPILER V9.54, COMPILATION OF MODULE MAIN
OBJECT MODULE PLACED IN .\Objects\main.obj
COMPILER INVOKED BY: S:\Keil5\C51\BIN\C51.EXE main.c OPTIMIZE(8,SPEED) BROWSE DEBUG OBJECTEXTEND PRINT(.\Listings\main.l
                    -st) OBJECT(.\Objects\main.obj)

line level    source

   1          #include <REGX52.H>
   2          
   3          unsigned char numnum[]={0x3f,0x06,0x5b,0x4f,0x66,0x6d,0x7d,0x07,0x7f,0x6f};
   4          void nixie(unsigned char location,num)
   5          {
   6   1              switch(location)
   7   1              {
   8   2                      case 1:
   9   2                              P2_4=1;P2_3=1;P2_2=1;break;
  10   2                      case 2:
  11   2                              P2_4=1;P2_3=1;P2_2=0;break;
  12   2                      case 3:
  13   2                              P2_4=1;P2_3=0;P2_2=1;break;
  14   2                      case 4:
  15   2                              P2_4=1;P2_3=0;P2_2=0;break;
  16   2                      case 5:
  17   2                              P2_4=0;P2_3=1;P2_2=1;break;
  18   2                      case 6:
  19   2                              P2_4=0;P2_3=1;P2_2=0;break;
  20   2                      case 7:
  21   2                              P2_4=0;P2_3=0;P2_2=1;break;
  22   2                      case 8:
  23   2                              P2_4=0;P2_3=0;P2_2=0;break;
  24   2              }
  25   1              P0=numnum[num];
  26   1      }
  27          
  28          void main()
  29          {
  30   1              nixie(4,7);
  31   1      
  32   1              while(1)
  33   1              {
  34   2                      
  35   2              }
  36   1      }


MODULE INFORMATION:   STATIC OVERLAYABLE
   CODE SIZE        =    110    ----
   CONSTANT SIZE    =   ----    ----
   XDATA SIZE       =   ----    ----
   PDATA SIZE       =   ----    ----
   DATA SIZE        =     10    ----
   IDATA SIZE       =   ----    ----
   BIT SIZE         =   ----    ----
END OF MODULE INFORMATION.


C51 COMPILATION COMPLETE.  0 WARNING(S),  0 ERROR(S)
