C51 COMPILER V9.54   MAIN                                                                  11/02/2023 07:40:26 PAGE 1   


C51 COMPILER V9.54, COMPILATION OF MODULE MAIN
OBJECT MODULE PLACED IN .\Objects\MAIN.obj
COMPILER INVOKED BY: S:\Keil5\C51\BIN\C51.EXE MAIN.c OPTIMIZE(8,SPEED) BROWSE DEBUG OBJECTEXTEND PRINT(.\Listings\MAIN.l
                    -st) OBJECT(.\Objects\MAIN.obj)

line level    source

   1          #include <REGX52.H>
   2          #include "LCD1602.h"
   3          #include "delay.h"
   4          #include "DS18B20.h"
   5          
   6          float T;
   7          
   8          void main()
   9          {
  10   1              LCD_Init();
  11   1              LCD_ShowString(1,1,"Temperature:");
  12   1              while(1)
  13   1              {
  14   2                      DS18B20_ConvertTempera();
  15   2                      T=DS18B20_Read_Tempera();
  16   2                      if(T<0)
  17   2                      {
  18   3                              LCD_ShowChar(2,1,'-');
  19   3                              T=-T;
  20   3                      }
  21   2                      else
  22   2                              LCD_ShowChar(2,1,'+');
  23   2                      LCD_ShowNum(2,2,T,3);
  24   2                      LCD_ShowChar(2,5,'.');
  25   2                      LCD_ShowNum(2,6,(unsigned long)(T*10000)%10000,4);
  26   2                      
  27   2              }
  28   1      }


MODULE INFORMATION:   STATIC OVERLAYABLE
   CODE SIZE        =    166    ----
   CONSTANT SIZE    =     13    ----
   XDATA SIZE       =   ----    ----
   PDATA SIZE       =   ----    ----
   DATA SIZE        =      4    ----
   IDATA SIZE       =   ----    ----
   BIT SIZE         =   ----    ----
END OF MODULE INFORMATION.


C51 COMPILATION COMPLETE.  0 WARNING(S),  0 ERROR(S)
