C51 COMPILER V9.54   ONEWIRE                                                               11/03/2023 05:04:38 PAGE 1   


C51 COMPILER V9.54, COMPILATION OF MODULE ONEWIRE
OBJECT MODULE PLACED IN .\Objects\OneWire.obj
COMPILER INVOKED BY: S:\Keil5\C51\BIN\C51.EXE OneWire.c OPTIMIZE(8,SPEED) BROWSE DEBUG OBJECTEXTEND PRINT(.\Listings\One
                    -Wire.lst) OBJECT(.\Objects\OneWire.obj)

line level    source

   1          #include <REGX52.H>
   2          #include <INTRINS.H>
   3          
   4          
   5          sbit OneWire_DQ=P3^7;
   6          
   7          unsigned char OneWire_Init(void)
   8          {
   9   1              unsigned char AskBit;
  10   1              unsigned char i;
  11   1              //拉低总线
  12   1              OneWire_DQ=1;
  13   1              OneWire_DQ=0;
  14   1              //延迟500us，主机初始化
  15   1              i = 227;while (--i);
  16   1              //释放总线
  17   1              OneWire_DQ=1;
  18   1              //延迟70us，使得从机读取数据
  19   1              i = 29;while (--i);
  20   1              AskBit=OneWire_DQ;
  21   1              //延迟500us
  22   1              i = 227;while (--i);
  23   1              return AskBit;
  24   1      }
  25          
  26          void OneWire_SendBit(unsigned char Bit)
  27          {
  28   1              unsigned char i;
  29   1              OneWire_DQ=0;
  30   1              //延迟10us
  31   1              i = 2;while (--i);
  32   1              OneWire_DQ=Bit;
  33   1              //延迟50us
  34   1              i = 22;while (--i);
  35   1              OneWire_DQ=1;
  36   1      }
  37          
  38          unsigned char OneWire_ReceiveBit(void)
  39          {
  40   1              unsigned char i;
  41   1              unsigned char Bit;
  42   1              
  43   1              OneWire_DQ=0;
  44   1              //延迟6us
  45   1              i = 2;while (--i);
  46   1              OneWire_DQ=1;
  47   1              //延迟6us
  48   1              i = 2;while (--i);
  49   1              Bit=OneWire_DQ;
  50   1              //延迟50us
  51   1              i = 22;while (--i);
  52   1              return Bit;
  53   1      }
  54          
C51 COMPILER V9.54   ONEWIRE                                                               11/03/2023 05:04:38 PAGE 2   

  55          void OneWire_SendByte(unsigned char Byte)
  56          {
  57   1              unsigned char i;
  58   1              for(i=0;i<8;i++)
  59   1              {
  60   2                      OneWire_SendBit(Byte&0x01<<i);
  61   2              }
  62   1      }
  63          
  64          unsigned char OneWire_ReceiveByte(void)
  65          {
  66   1              unsigned char i,Byte=0x00;
  67   1              for(i=0;i<8;i++)//低位在前，先出
  68   1              {
  69   2                      if(OneWire_ReceiveBit())
  70   2                      {
  71   3                              Byte|=(0x01<<i);
  72   3                      }
  73   2              }
  74   1              return Byte;
  75   1      }


MODULE INFORMATION:   STATIC OVERLAYABLE
   CODE SIZE        =    122    ----
   CONSTANT SIZE    =   ----    ----
   XDATA SIZE       =   ----    ----
   PDATA SIZE       =   ----    ----
   DATA SIZE        =   ----    ----
   IDATA SIZE       =   ----    ----
   BIT SIZE         =   ----    ----
END OF MODULE INFORMATION.


C51 COMPILATION COMPLETE.  0 WARNING(S),  0 ERROR(S)
