C51 COMPILER V9.54   MAIN                                                                  08/04/2023 05:37:08 PAGE 1   


C51 COMPILER V9.54, COMPILATION OF MODULE MAIN
OBJECT MODULE PLACED IN .\Objects\main.obj
COMPILER INVOKED BY: S:\Keil5\C51\BIN\C51.EXE main.c OPTIMIZE(8,SPEED) BROWSE DEBUG OBJECTEXTEND PRINT(.\Listings\main.l
                    -st) OBJECT(.\Objects\main.obj)

line level    source

   1          #include <REGX52.H>//2023.8.3
   2          #include "delay.h"
   3          #include "uart.h"
   4          
   5          unsigned char sec=0x01;
   6          
   7          void main()
   8          {
   9   1              Uart_Init();
  10   1      
  11   1              while(1)
  12   1              {
  13   2                      Uart_sendbyte(sec);
  14   2                      delay(1000); 
  15   2                      sec++;
  16   2              }
  17   1      }


MODULE INFORMATION:   STATIC OVERLAYABLE
   CODE SIZE        =     19    ----
   CONSTANT SIZE    =   ----    ----
   XDATA SIZE       =   ----    ----
   PDATA SIZE       =   ----    ----
   DATA SIZE        =      1    ----
   IDATA SIZE       =   ----    ----
   BIT SIZE         =   ----    ----
END OF MODULE INFORMATION.


C51 COMPILATION COMPLETE.  0 WARNING(S),  0 ERROR(S)
