C51 COMPILER V9.54   MAIN                                                                  08/04/2023 06:00:46 PAGE 1   


C51 COMPILER V9.54, COMPILATION OF MODULE MAIN
OBJECT MODULE PLACED IN .\Objects\main.obj
COMPILER INVOKED BY: S:\Keil5\C51\BIN\C51.EXE main.c OPTIMIZE(8,SPEED) BROWSE DEBUG OBJECTEXTEND PRINT(.\Listings\main.l
                    -st) OBJECT(.\Objects\main.obj)

line level    source

   1          #include <REGX52.H>//2023.8.3
   2          #include "delay.h"
   3          #include "uart.h"
   4          
   5          void main()
   6          {
   7   1              Uart_Init();
   8   1      
   9   1              while(1)
  10   1              {
  11   2                      ;
  12   2              }
  13   1      }
  14          
  15          void Uart_routine() interrupt 4
  16          {
  17   1              if(RI==1)
  18   1              {
  19   2                      P2=SBUF;
  20   2                      RI=0;
  21   2              }
  22   1      }


MODULE INFORMATION:   STATIC OVERLAYABLE
   CODE SIZE        =     14    ----
   CONSTANT SIZE    =   ----    ----
   XDATA SIZE       =   ----    ----
   PDATA SIZE       =   ----    ----
   DATA SIZE        =   ----    ----
   IDATA SIZE       =   ----    ----
   BIT SIZE         =   ----    ----
END OF MODULE INFORMATION.


C51 COMPILATION COMPLETE.  0 WARNING(S),  0 ERROR(S)
