C51 COMPILER V9.54   NIXIE                                                                 11/05/2023 05:55:43 PAGE 1   


C51 COMPILER V9.54, COMPILATION OF MODULE NIXIE
OBJECT MODULE PLACED IN .\Objects\nixie.obj
COMPILER INVOKED BY: S:\Keil5\C51\BIN\C51.EXE nixie.c OPTIMIZE(8,SPEED) BROWSE DEBUG OBJECTEXTEND PRINT(.\Listings\nixie
                    -.lst) OBJECT(.\Objects\nixie.obj)

line level    source

   1          #include <REGX52.H>
   2          #include "delay.h"
   3          
   4          unsigned char numnum[]={0x3f,0x06,0x5b,0x4f,0x66,0x6d,0x7d,0x07,0x7f,0x6f};
   5          void nixie(unsigned char location,num)
   6          {
   7   1              switch(location)
   8   1              {
   9   2                      case 1:
  10   2                              P2_4=1;P2_3=1;P2_2=1;break;
  11   2                      case 2:
  12   2                              P2_4=1;P2_3=1;P2_2=0;break;
  13   2                      case 3:
  14   2                              P2_4=1;P2_3=0;P2_2=1;break;
  15   2                      case 4:
  16   2                              P2_4=1;P2_3=0;P2_2=0;break;
  17   2                      case 5:
  18   2                              P2_4=0;P2_3=1;P2_2=1;break;
  19   2                      case 6:
  20   2                              P2_4=0;P2_3=1;P2_2=0;break;
  21   2                      case 7:
  22   2                              P2_4=0;P2_3=0;P2_2=1;break;
  23   2                      case 8:
  24   2                              P2_4=0;P2_3=0;P2_2=0;break;
  25   2              }
  26   1              P0=numnum[num];
  27   1              delay(1);
  28   1              P0=0x00;//ÏûÒþ
  29   1      }


MODULE INFORMATION:   STATIC OVERLAYABLE
   CODE SIZE        =    109    ----
   CONSTANT SIZE    =   ----    ----
   XDATA SIZE       =   ----    ----
   PDATA SIZE       =   ----    ----
   DATA SIZE        =     10    ----
   IDATA SIZE       =   ----    ----
   BIT SIZE         =   ----    ----
END OF MODULE INFORMATION.


C51 COMPILATION COMPLETE.  0 WARNING(S),  0 ERROR(S)
