C51 COMPILER V9.54   TIMER0                                                                11/05/2023 05:18:26 PAGE 1   


C51 COMPILER V9.54, COMPILATION OF MODULE TIMER0
OBJECT MODULE PLACED IN .\Objects\timer0.obj
COMPILER INVOKED BY: S:\Keil5\C51\BIN\C51.EXE timer0.c OPTIMIZE(8,SPEED) BROWSE DEBUG OBJECTEXTEND PRINT(.\Listings\time
                    -r0.lst) OBJECT(.\Objects\timer0.obj)

line level    source

   1          #include <REGX52.H>
   2          void timer0_init(void)
   3          {
   4   1              //TMOD=0X01;//0000 0001,TMOD?
   5   1              TMOD&=0XF0;//
   6   1              TMOD|=0X01;
   7   1              TF0=0;//TCON
   8   1              TR0=1;
   9   1              TL0 = 0xA4;                             //设置定时初始值100us
  10   1              TH0 = 0xFF;                             //设置定时初始值
  11   1              //TL0=64535%256+1;//0x18
  12   1              //TH0=64535/256;//0xfc
  13   1              ET0=1;//允许中断
  14   1              EA=1;//
  15   1              PT0=0;
  16   1      }
  17          
  18                  //TL0 = 0xA4;                           //设置定时初始值100us
  19                  //TH0 = 0xFF;   
  20          //定时器中断函数模板
  21          //void t0_rountine() interrupt 1
  22          //{
  23          //      static unsigned int t0count = 0;
  24          //      TL0 = 0xA4;                             
  25          //      TH0 = 0xFF;     
  26          //      t0count++;
  27          //      if(t0count>=1000)
  28          //      {
  29          //              t0count=0;
  30          //              P2_0=~P2_0; 
  31          //      }
  32          //}


MODULE INFORMATION:   STATIC OVERLAYABLE
   CODE SIZE        =     23    ----
   CONSTANT SIZE    =   ----    ----
   XDATA SIZE       =   ----    ----
   PDATA SIZE       =   ----    ----
   DATA SIZE        =   ----    ----
   IDATA SIZE       =   ----    ----
   BIT SIZE         =   ----    ----
END OF MODULE INFORMATION.


C51 COMPILATION COMPLETE.  0 WARNING(S),  0 ERROR(S)
