C51 COMPILER V9.54   LCD1602                                                               11/04/2023 06:13:43 PAGE 1   


C51 COMPILER V9.54, COMPILATION OF MODULE LCD1602
OBJECT MODULE PLACED IN .\Objects\LCD1602.obj
COMPILER INVOKED BY: S:\Keil5\C51\BIN\C51.EXE LCD1602.c OPTIMIZE(8,SPEED) BROWSE DEBUG OBJECTEXTEND PRINT(.\Listings\LCD
                    -1602.lst) OBJECT(.\Objects\LCD1602.obj)

line level    source

   1          #include <REGX52.H>
   2          
   3          #define LCD1602_DataPort P0
   4          sbit LCD1602_RS=P2^6;
   5          sbit LCD1602_RW=P2^5;
   6          sbit LCD1602_EN=P2^7;
   7          
   8          void LCD1602_Delay1ms()         //@11.0592MHz
   9          {
  10   1              unsigned char data i, j;
  11   1              i = 2;
  12   1              j = 199;
  13   1              do
  14   1              {
  15   2                      while (--j);
  16   2              } while (--i);
  17   1      }
  18          
  19          void LCD1602_WriteCommand(unsigned char Command)
  20          {
  21   1              LCD1602_RS=0;
  22   1              LCD1602_RW=0;
  23   1              LCD1602_DataPort=Command;
  24   1              LCD1602_EN=1;
  25   1              LCD1602_Delay1ms();//延迟1ms，给指令执行时间
  26   1              LCD1602_EN=0; 
  27   1              LCD1602_Delay1ms();
  28   1      }
  29          
  30          void LCD1602_WriteData(unsigned char Data)
  31          {
  32   1              LCD1602_RS=1;
  33   1              LCD1602_RW=0;
  34   1              LCD1602_DataPort=Data;
  35   1              LCD1602_EN=1;
  36   1              LCD1602_Delay1ms();//延迟1ms，给指令执行时间
  37   1              LCD1602_EN=0; 
  38   1              LCD1602_Delay1ms();
  39   1      }
  40          
  41          void LCD1602_Init(void)
  42          {
  43   1              LCD1602_WriteCommand(0x38);
  44   1              LCD1602_WriteCommand(0x0c);
  45   1              LCD1602_WriteCommand(0x06);
  46   1              LCD1602_WriteCommand(0x01);
  47   1      }
  48          
  49          /**
  50            * @brief  设置光标位置
  51            * @param  Line:行 colume:列
  52            * @retval 无
  53            */
  54          void LCD1602_SetCursor(unsigned char Line,unsigned char column)
C51 COMPILER V9.54   LCD1602                                                               11/04/2023 06:13:43 PAGE 2   

  55          {
  56   1              if(Line==1)
  57   1              {
  58   2                      LCD1602_WriteCommand(0x80|(column-1));//设置光标位置
  59   2              }
  60   1              else
  61   1                      LCD1602_WriteCommand(0x80|(column-1)+0x40);//设置光标位置
  62   1      }
  63          
  64          void LCD1602_ShowChar(unsigned char Line,unsigned char column,unsigned char Char)
  65          {
  66   1              LCD1602_SetCursor(Line,column);
  67   1              LCD1602_WriteData(Char);
  68   1      }
  69          
  70          void LCD1602_ShowString(unsigned char Line,unsigned char column,unsigned char String[])
  71          {
  72   1              unsigned char i;
  73   1              LCD1602_SetCursor(Line,column);
  74   1              for(i=0;String[i]!='\0';i++)
  75   1              {
  76   2                      LCD1602_WriteData(String[i]);           
  77   2              }
  78   1      }
  79          
  80          /**
  81            * @brief  幂函数
  82            * @param  x,y
  83            * @retval 
  84            */
  85          int LCD1602_Power(int x,int y)
  86          {
  87   1              unsigned char i;
  88   1              int result=1;
  89   1              for(i=0;i<y;i++)
  90   1              {
  91   2                      result=x*result;
  92   2              }
  93   1              return result;
  94   1      }
  95          
  96          void LCD1602_ShowNum(unsigned char Line,unsigned char column,unsigned int Number,unsigned char Length)
  97          {
  98   1              unsigned char i;
  99   1              LCD1602_SetCursor(Line,column);
 100   1              for(i=Length;i>0;i--)
 101   1              {
 102   2                      int temp;
 103   2                      temp=(Number/LCD1602_Power(10,i-1))%10;
 104   2                      LCD1602_WriteData(temp+'0');
 105   2              }
 106   1      }
 107          
 108          void LCD1602_ShowSignedNum(unsigned char Line,unsigned char column,int Number,unsigned char Length)
 109          {
 110   1              unsigned char i;
 111   1              unsigned int Number1;
 112   1              LCD1602_SetCursor(Line,column);
 113   1              if(Number>=0)
 114   1              {
 115   2                      LCD1602_WriteData('+');
 116   2                      Number1=Number;
C51 COMPILER V9.54   LCD1602                                                               11/04/2023 06:13:43 PAGE 3   

 117   2              }
 118   1              else
 119   1              {
 120   2                      LCD1602_WriteData('-');
 121   2                      Number1=-Number;
 122   2              }
 123   1              for(i=Length;i>0;i--)
 124   1              {
 125   2                      int temp;
 126   2                      temp=(Number1/LCD1602_Power(10,i-1))%10;
 127   2                      LCD1602_WriteData(temp+'0');
 128   2              }
 129   1      }
 130          
 131          void LCD1602_ShowHexNum(unsigned char Line,unsigned char column,unsigned int Number,unsigned char Length)
 132          {
 133   1              unsigned char i;
 134   1              LCD1602_SetCursor(Line,column);
 135   1              for(i=Length;i>0;i--)
 136   1              {
 137   2                      int temp;
 138   2                      temp=(Number/LCD1602_Power(16,i-1))%16;
 139   2                      if(temp<10)
 140   2                      {
 141   3                              LCD1602_WriteData(temp+'0');
 142   3                      }
 143   2                      else
 144   2                      {
 145   3                              LCD1602_WriteData(temp+'A'-10);
 146   3                      }
 147   2              }
 148   1      }
 149          
 150          void LCD1602_ShowBinNum(unsigned char Line,unsigned char column,unsigned int Number,unsigned char Length)
 151          {
 152   1              unsigned char i;
 153   1              LCD1602_SetCursor(Line,column);
 154   1              for(i=Length;i>0;i--)
 155   1              {
 156   2                      int temp;
 157   2                      temp=(Number/LCD1602_Power(2,i-1))%2;
 158   2                      LCD1602_WriteData(temp+'0');
 159   2              }
 160   1      }


MODULE INFORMATION:   STATIC OVERLAYABLE
   CODE SIZE        =    422    ----
   CONSTANT SIZE    =   ----    ----
   XDATA SIZE       =   ----    ----
   PDATA SIZE       =   ----    ----
   DATA SIZE        =   ----      35
   IDATA SIZE       =   ----    ----
   BIT SIZE         =   ----    ----
END OF MODULE INFORMATION.


C51 COMPILATION COMPLETE.  0 WARNING(S),  0 ERROR(S)
