C51 COMPILER V9.54   DS1302                                                                10/30/2023 02:51:31 PAGE 1   


C51 COMPILER V9.54, COMPILATION OF MODULE DS1302
OBJECT MODULE PLACED IN .\Objects\DS1302.obj
COMPILER INVOKED BY: S:\Keil5\C51\BIN\C51.EXE DS1302.c OPTIMIZE(8,SPEED) BROWSE DEBUG OBJECTEXTEND PRINT(.\Listings\DS13
                    -02.lst) OBJECT(.\Objects\DS1302.obj)

line level    source

   1          #include <REGX52.H>
   2          
   3          #define DS1302_Second 0x80
   4          #define DS1302_Minute 0x82
   5          #define DS1302_Hour 0x84
   6          #define DS1302_Date 0x86
   7          #define DS1302_Month 0x88
   8          #define DS1302_Day 0x8a
   9          #define DS1302_Year 0x8c
  10          #define DS1302_WP 0x8e
  11          
  12          sbit DS1302_SCLK=P3^6;
  13          sbit DS1302_IO=P3^4;
  14          sbit DS1302_CE=P3^5;
  15          unsigned char DS1302_Time[]={23,10,30,02,04,18,1};
  16          
  17          void DS1302_Init(void)
  18          {
  19   1              DS1302_CE=0;
  20   1              DS1302_SCLK=0;
  21   1      }
  22          
  23          void DS1302_WriteByte(unsigned char Command,Data)
  24          {
  25   1              unsigned char i;
  26   1              DS1302_CE=1;
  27   1              for(i=0;i<8;i++)
  28   1              {
  29   2                      DS1302_IO=Command&(0x01<<i);
  30   2                      DS1302_SCLK=1;
  31   2                      //根据1302芯片手册，确定SCLK变化的最小间隔，来决定是否需要加延迟函数
  32   2                      DS1302_SCLK=0;
  33   2              }
  34   1              for(i=0;i<8;i++)
  35   1              {
  36   2                      DS1302_IO=Data&(0x01<<i);
  37   2                      DS1302_SCLK=1;
  38   2                      DS1302_SCLK=0;
  39   2              }
  40   1              DS1302_CE=0;
  41   1      }
  42          
  43          unsigned char DS1302_ReadByte(unsigned char Command)
  44          {
  45   1              unsigned char i;
  46   1              unsigned char Data=0x00;
  47   1              Command|=0x01;
  48   1              DS1302_CE=1;
  49   1              for(i=0;i<8;i++)
  50   1              {
  51   2                      DS1302_IO=Command&(0x01<<i);
  52   2                      DS1302_SCLK=0;  //先给下降沿，读指令为下降沿读
  53   2                      DS1302_SCLK=1;
  54   2              }
C51 COMPILER V9.54   DS1302                                                                10/30/2023 02:51:31 PAGE 2   

  55   1              DS1302_IO=0;
  56   1              for(i=0;i<8;i++)
  57   1              {
  58   2                      DS1302_SCLK=1;
  59   2                      DS1302_SCLK=0;
  60   2                      if(DS1302_IO)
  61   2                      {
  62   3                              Data=Data|(0x01<<i);//先进低位
  63   3                      }
  64   2              }
  65   1              DS1302_CE=0;
  66   1              DS1302_IO=0;//此处置零解决读出数据闪烁问题，否则全为0
  67   1              return Data;
  68   1      }
  69          
  70          void DS1302_SetTime(void)
  71          {
  72   1              DS1302_WriteByte(DS1302_WP,0x00);//关闭写保护
  73   1              DS1302_WriteByte(DS1302_Year,DS1302_Time[0]/10*16+DS1302_Time[0]%10);//进制转换
  74   1              DS1302_WriteByte(DS1302_Month,DS1302_Time[1]/10*16+DS1302_Time[1]%10);
  75   1              DS1302_WriteByte(DS1302_Date,DS1302_Time[2]/10*16+DS1302_Time[2]%10);
  76   1              DS1302_WriteByte(DS1302_Hour,DS1302_Time[3]/10*16+DS1302_Time[3]%10);
  77   1              DS1302_WriteByte(DS1302_Minute,DS1302_Time[4]/10*16+DS1302_Time[4]%10);
  78   1              DS1302_WriteByte(DS1302_Second,DS1302_Time[5]/10*16+DS1302_Time[5]%10);
  79   1              DS1302_WriteByte(DS1302_Day,DS1302_Time[6]/10*16+DS1302_Time[6]%10);
  80   1              DS1302_WriteByte(DS1302_WP,0x00);//打开写保护
  81   1      }
  82          
  83          void DS1302_ReadTime(void)
  84          {
  85   1              unsigned char temp;
  86   1              temp=DS1302_ReadByte(DS1302_Year);
  87   1              DS1302_Time[0]=temp/16*10+temp%16;
  88   1              temp=DS1302_ReadByte(DS1302_Month);
  89   1              DS1302_Time[1]=temp/16*10+temp%16;
  90   1              temp=DS1302_ReadByte(DS1302_Date);
  91   1              DS1302_Time[2]=temp/16*10+temp%16;
  92   1              temp=DS1302_ReadByte(DS1302_Hour);
  93   1              DS1302_Time[3]=temp/16*10+temp%16;
  94   1              temp=DS1302_ReadByte(DS1302_Minute);
  95   1              DS1302_Time[4]=temp/16*10+temp%16;
  96   1              temp=DS1302_ReadByte(DS1302_Second); 
  97   1              DS1302_Time[5]=temp/16*10+temp%16;
  98   1              //星期范围1-7，可不进制转换
  99   1              DS1302_Time[6]=DS1302_ReadByte(DS1302_Day);
 100   1      }


MODULE INFORMATION:   STATIC OVERLAYABLE
   CODE SIZE        =    539    ----
   CONSTANT SIZE    =   ----    ----
   XDATA SIZE       =   ----    ----
   PDATA SIZE       =   ----    ----
   DATA SIZE        =      7       2
   IDATA SIZE       =   ----    ----
   BIT SIZE         =   ----    ----
END OF MODULE INFORMATION.


C51 COMPILATION COMPLETE.  0 WARNING(S),  0 ERROR(S)
