C51 COMPILER V9.54   MAIN                                                                  07/13/2023 01:41:40 PAGE 1   


C51 COMPILER V9.54, COMPILATION OF MODULE MAIN
OBJECT MODULE PLACED IN .\Objects\main.obj
COMPILER INVOKED BY: S:\Keil5\C51\BIN\C51.EXE main.c OPTIMIZE(8,SPEED) BROWSE DEBUG OBJECTEXTEND PRINT(.\Listings\main.l
                    -st) OBJECT(.\Objects\main.obj)

line level    source

   1          #include <REGX52.H>
   2          #include <intrins.h>
   3          void delay(unsigned int time)           //@11.0592MHz
   4          {
   5   1              unsigned char data i, j;
   6   1              while(time--)
   7   1              {       
   8   2                      _nop_();
   9   2                      i = 2;
  10   2                      j = 199;
  11   2                      do
  12   2                      {
  13   3                              while (--j);
  14   3                      } while (--i);
  15   2              }
  16   1      }
  17          
  18          void main()
  19          {
  20   1              unsigned char lednum=0;
  21   1              while(1)
  22   1              {
  23   2                      if(P3_1==0)
  24   2                      {
  25   3                              delay(20);
  26   3                              while(P3_1==0);
  27   3                              delay(20);
  28   3                              //1111 1110
  29   3                              lednum++;
  30   3                              P2=~lednum;
  31   3                      }
  32   2              }
  33   1              
  34   1      }


MODULE INFORMATION:   STATIC OVERLAYABLE
   CODE SIZE        =     51    ----
   CONSTANT SIZE    =   ----    ----
   XDATA SIZE       =   ----    ----
   PDATA SIZE       =   ----    ----
   DATA SIZE        =   ----    ----
   IDATA SIZE       =   ----    ----
   BIT SIZE         =   ----    ----
END OF MODULE INFORMATION.


C51 COMPILATION COMPLETE.  0 WARNING(S),  0 ERROR(S)
