C51 COMPILER V9.54   MAIN                                                                  07/19/2023 06:51:10 PAGE 1   


C51 COMPILER V9.54, COMPILATION OF MODULE MAIN
OBJECT MODULE PLACED IN .\Objects\main.obj
COMPILER INVOKED BY: S:\Keil5\C51\BIN\C51.EXE main.c OPTIMIZE(8,SPEED) BROWSE DEBUG OBJECTEXTEND PRINT(.\Listings\main.l
                    -st) OBJECT(.\Objects\main.obj)

line level    source

   1          #include <REGX52.H>
   2          #include "delay.h"
   3          #include "timer0.h"
   4          #include "lcd1602.h"
   5          unsigned char sec=55,min=59,hour=23;
   6          void main() 
   7          {       
   8   1              LCD_Init();
   9   1              timer0_init();
  10   1              LCD_ShowString(1,1,"Clock:");
  11   1              LCD_ShowString(2,3,":");
  12   1              LCD_ShowString(2,6,":");
  13   1              while(1)
  14   1              {
  15   2                      LCD_ShowNum(2,1,hour,2);
  16   2                      LCD_ShowNum(2,4,min,2);
  17   2                      LCD_ShowNum(2,7,sec,2);
  18   2                      
  19   2              }
  20   1      }
  21          
  22          void t0_rountine() interrupt 1
  23          {
  24   1              static unsigned int t0count = 0;
  25   1              TL0 = 0x66;                             
  26   1              TH0 = 0xFC;     
  27   1              t0count++;
  28   1              if(t0count>=1000)
  29   1              {
  30   2                      t0count=0;
  31   2                      sec++;
  32   2                      if(sec>=60)
  33   2                      {
  34   3                              sec=0;
  35   3                              min++;
  36   3                              if(min>=60)
  37   3                              {
  38   4                                      hour++;
  39   4                                      min=0;
  40   4                                      if(hour>=24)hour=0;
  41   4                              }
  42   3                      }
  43   2              }
  44   1      }


MODULE INFORMATION:   STATIC OVERLAYABLE
   CODE SIZE        =    163    ----
   CONSTANT SIZE    =      9    ----
   XDATA SIZE       =   ----    ----
   PDATA SIZE       =   ----    ----
   DATA SIZE        =      5    ----
   IDATA SIZE       =   ----    ----
   BIT SIZE         =   ----    ----
C51 COMPILER V9.54   MAIN                                                                  07/19/2023 06:51:10 PAGE 2   

END OF MODULE INFORMATION.


C51 COMPILATION COMPLETE.  0 WARNING(S),  0 ERROR(S)
