C51 COMPILER V9.54   MAIN                                                                  09/07/2023 05:34:25 PAGE 1   


C51 COMPILER V9.54, COMPILATION OF MODULE MAIN
OBJECT MODULE PLACED IN .\Objects\main.obj
COMPILER INVOKED BY: S:\Keil5\C51\BIN\C51.EXE main.c OPTIMIZE(8,SPEED) BROWSE DEBUG OBJECTEXTEND PRINT(.\Listings\main.l
                    -st) OBJECT(.\Objects\main.obj)

line level    source

   1          #include <REGX52.H>
   2          #include "delay.h"
   3          #include "MatrixLed.h"
   4          unsigned char code animation[]={
   5                  0x00,0x00,0x00,0x00,0x00,0x00,0x00,0x00,
   6                  0xFF,0x08,0x08,0x08,0xFF,0x00,0x0E,0x15,
   7                  0x15,0x15,0x08,0x00,0x7E,0x01,0x02,0x00,
   8                  0x7E,0x01,0x02,0x00,0x0E,0x11,0x11,0x0E,
   9                  0x00,0x7D,0x00,0x00,0x00,0x00,0x00,0x00,
  10          };
  11          void main()
  12          {
  13   1              unsigned char i,offset=0,count=0;
  14   1              void MatrixLedInit();
  15   1              while(1)
  16   1              {
  17   2                      for(i=0;i<8;i++)
  18   2                      {
  19   3                              matrixled_showcolumn(i,animation[i+offset]);
  20   3                      }
  21   2                      count++;
  22   2                      if(count>10)
  23   2                      {
  24   3                              count=0;
  25   3                              offset++;
  26   3                              if(offset>32){offset=0;}
  27   3                      }
  28   2              }
  29   1      }


MODULE INFORMATION:   STATIC OVERLAYABLE
   CODE SIZE        =     61    ----
   CONSTANT SIZE    =     40    ----
   XDATA SIZE       =   ----    ----
   PDATA SIZE       =   ----    ----
   DATA SIZE        =   ----       3
   IDATA SIZE       =   ----    ----
   BIT SIZE         =   ----    ----
END OF MODULE INFORMATION.


C51 COMPILATION COMPLETE.  0 WARNING(S),  0 ERROR(S)
