C51 COMPILER V9.54   MATRIXLED                                                             09/07/2023 05:42:18 PAGE 1   


C51 COMPILER V9.54, COMPILATION OF MODULE MATRIXLED
OBJECT MODULE PLACED IN .\Objects\MatrixLed.obj
COMPILER INVOKED BY: S:\Keil5\C51\BIN\C51.EXE MatrixLed.c OPTIMIZE(8,SPEED) BROWSE DEBUG OBJECTEXTEND PRINT(.\Listings\M
                    -atrixLed.lst) OBJECT(.\Objects\MatrixLed.obj)

line level    source

   1          #include <REGX52.H>
   2          #include "delay.h"
   3          
   4          #define matrix_led_port P0
   5          sbit SER=P3^4;  
   6          sbit SCK=P3^6;  //SRCLK
   7          sbit RCK=P3^5;  //RCLK
   8          
   9          
  10          /**
  11            * @brief  点阵屏初始化
  12            * @param  
  13            * @retval 
  14            */
  15          void MatrixLedInit()
  16          {
  17   1              SCK=0;
  18   1              RCK=0;
  19   1      }
  20          
  21          
  22          /**
  23            * @brief  74HC595写入一个字节
  24            * @param  要写入的字节
  25            * @retval 无
  26            */
  27          void _74HC595_writebyte(unsigned char byte)
  28          {
  29   1              unsigned char i;
  30   1              //P2=~byte;
  31   1              for(i=0;i<8;i++)
  32   1              {
  33   2                      SER=byte&(0x80>>i);//位赋值，大于0则赋1，等于0赋0
  34   2                      SCK=1;
  35   2                      SCK=0;
  36   2              }
  37   1              RCK=1;
  38   1              RCK=0;
  39   1      
  40   1      } 
  41          
  42          
  43          /**
  44            * @brief  LED点阵屏选择一列显示数据
  45            * @param  column：选择的列；范围：0-7；0在最左边 
  46            * @param  da：选择列显示的数据，高位在上，1为亮，0为灭
  47            * @retval 无
  48            */
  49          void matrixled_showcolumn(unsigned char column,da)
  50          {
  51   1              _74HC595_writebyte(da);
  52   1              matrix_led_port=~(0x80>>column);//第column列为低电平
  53   1              delay(1);
  54   1              matrix_led_port=0xff;//位清零，防残影
C51 COMPILER V9.54   MATRIXLED                                                             09/07/2023 05:42:18 PAGE 2   

  55   1      }


MODULE INFORMATION:   STATIC OVERLAYABLE
   CODE SIZE        =     84    ----
   CONSTANT SIZE    =   ----    ----
   XDATA SIZE       =   ----    ----
   PDATA SIZE       =   ----    ----
   DATA SIZE        =   ----    ----
   IDATA SIZE       =   ----    ----
   BIT SIZE         =   ----    ----
END OF MODULE INFORMATION.


C51 COMPILATION COMPLETE.  0 WARNING(S),  0 ERROR(S)
