C51 COMPILER V9.54   ONEWIRE                                                               11/03/2023 06:46:05 PAGE 1   


C51 COMPILER V9.54, COMPILATION OF MODULE ONEWIRE
OBJECT MODULE PLACED IN .\Objects\OneWire.obj
COMPILER INVOKED BY: S:\Keil5\C51\BIN\C51.EXE OneWire.c OPTIMIZE(8,SPEED) BROWSE DEBUG OBJECTEXTEND PRINT(.\Listings\One
                    -Wire.lst) OBJECT(.\Objects\OneWire.obj)

line level    source

   1          #include <REGX52.H>
   2          #include <INTRINS.H>
   3          
   4          
   5          sbit OneWire_DQ=P3^7;
   6          
   7          unsigned char OneWire_Init(void)
   8          {
   9   1              unsigned char AskBit;
  10   1              unsigned char i;
  11   1              EA=0;
  12   1              //拉低总线
  13   1              OneWire_DQ=1;
  14   1              OneWire_DQ=0;
  15   1              //延迟500us，主机初始化
  16   1              i = 227;while (--i);
  17   1              //释放总线
  18   1              OneWire_DQ=1;
  19   1              //延迟70us，使得从机读取数据
  20   1              i = 29;while (--i);
  21   1              AskBit=OneWire_DQ;
  22   1              //延迟500us
  23   1              i = 227;while (--i);
  24   1              EA=1;
  25   1              return AskBit;
  26   1      }
  27          
  28          void OneWire_SendBit(unsigned char Bit)
  29          {
  30   1              unsigned char i;
  31   1              EA=0;
  32   1              OneWire_DQ=0;
  33   1              //延迟10us
  34   1              i = 2;while (--i);
  35   1              OneWire_DQ=Bit;
  36   1              //延迟50us
  37   1              i = 22;while (--i);
  38   1              OneWire_DQ=1;
  39   1              EA=1;
  40   1      }
  41          
  42          unsigned char OneWire_ReceiveBit(void)
  43          {
  44   1              unsigned char i;
  45   1              unsigned char Bit;
  46   1              
  47   1              EA=0;
  48   1              OneWire_DQ=0;
  49   1              //延迟6us
  50   1              i = 2;while (--i);
  51   1              OneWire_DQ=1;
  52   1              //延迟6us
  53   1              i = 2;while (--i);
  54   1              Bit=OneWire_DQ;
C51 COMPILER V9.54   ONEWIRE                                                               11/03/2023 06:46:05 PAGE 2   

  55   1              //延迟50us
  56   1              i = 22;while (--i);
  57   1              EA=1;
  58   1              return Bit;
  59   1      }
  60          
  61          void OneWire_SendByte(unsigned char Byte)
  62          {
  63   1              unsigned char i;
  64   1              EA=0;
  65   1              for(i=0;i<8;i++)
  66   1              {
  67   2                      OneWire_SendBit(Byte&0x01<<i);
  68   2              }
  69   1              EA=1;
  70   1      }
  71          
  72          unsigned char OneWire_ReceiveByte(void)
  73          {
  74   1              unsigned char i,Byte=0x00;
  75   1              EA=0;
  76   1              for(i=0;i<8;i++)//低位在前，先出
  77   1              {
  78   2                      if(OneWire_ReceiveBit())
  79   2                      {
  80   3                              Byte|=(0x01<<i);
  81   3                      }
  82   2              }
  83   1              EA=1;
  84   1              return Byte;
  85   1      }


MODULE INFORMATION:   STATIC OVERLAYABLE
   CODE SIZE        =    142    ----
   CONSTANT SIZE    =   ----    ----
   XDATA SIZE       =   ----    ----
   PDATA SIZE       =   ----    ----
   DATA SIZE        =   ----    ----
   IDATA SIZE       =   ----    ----
   BIT SIZE         =   ----    ----
END OF MODULE INFORMATION.


C51 COMPILATION COMPLETE.  0 WARNING(S),  0 ERROR(S)
