C51 COMPILER V9.54   AT24C02                                                               11/01/2023 07:08:04 PAGE 1   


C51 COMPILER V9.54, COMPILATION OF MODULE AT24C02
OBJECT MODULE PLACED IN .\Objects\AT24C02.obj
COMPILER INVOKED BY: S:\Keil5\C51\BIN\C51.EXE AT24C02.c OPTIMIZE(8,SPEED) BROWSE DEBUG OBJECTEXTEND PRINT(.\Listings\AT2
                    -4C02.lst) OBJECT(.\Objects\AT24C02.obj)

line level    source

   1          #include <REGX52.H>
   2          
   3          #include "I2C.h"
   4          #define AT24C02_ADDRESS 0XA0
   5          
   6          /**
   7            * @brief  AT24C02写入一个字节
   8            * @param  WordAddress要写入字节的地址，Data要写入字节的数据
   9            * @retval 无
  10            */
  11          void AT24C02_WriteByte(unsigned char WordAddress,Data)
  12          {
  13   1              I2C_Start();
  14   1              I2C_SendByte(AT24C02_ADDRESS); 
  15   1              I2C_ReceiveAck();
  16   1              I2C_SendByte(WordAddress); 
  17   1              I2C_ReceiveAck();
  18   1              I2C_SendByte(Data); 
  19   1              I2C_ReceiveAck();
  20   1              I2C_Stop();
  21   1      }
  22          
  23          /**
  24            * @brief  AT24C02读取一个字节
  25            * @param  WordAddress要读出字节的地址
  26            * @retval 读出地址内的数据
  27            */
  28          unsigned char AT24C02_ReadByte(unsigned char WordAddress)
  29          {
  30   1              unsigned Data;
  31   1              I2C_Start();
  32   1              I2C_SendByte(AT24C02_ADDRESS); 
  33   1              I2C_ReceiveAck();
  34   1              I2C_SendByte(WordAddress); 
  35   1              I2C_ReceiveAck();
  36   1              I2C_Start();
  37   1              I2C_SendByte(AT24C02_ADDRESS|0x01); 
  38   1              I2C_ReceiveAck();
  39   1              Data=I2C_ReceiveByte();
  40   1              I2C_SendAck(1);
  41   1              I2C_Stop();
  42   1              return Data;
  43   1      }


MODULE INFORMATION:   STATIC OVERLAYABLE
   CODE SIZE        =     87    ----
   CONSTANT SIZE    =   ----    ----
   XDATA SIZE       =   ----    ----
   PDATA SIZE       =   ----    ----
   DATA SIZE        =   ----       6
   IDATA SIZE       =   ----    ----
   BIT SIZE         =   ----    ----
END OF MODULE INFORMATION.

C51 COMPILER V9.54   AT24C02                                                               11/01/2023 07:08:04 PAGE 2   


C51 COMPILATION COMPLETE.  0 WARNING(S),  0 ERROR(S)
