C51 COMPILER V9.54   MAIN                                                                  07/19/2023 06:30:15 PAGE 1   


C51 COMPILER V9.54, COMPILATION OF MODULE MAIN
OBJECT MODULE PLACED IN .\Objects\main.obj
COMPILER INVOKED BY: S:\Keil5\C51\BIN\C51.EXE main.c OPTIMIZE(8,SPEED) BROWSE DEBUG OBJECTEXTEND PRINT(.\Listings\main.l
                    -st) OBJECT(.\Objects\main.obj)

line level    source

   1          #include <REGX52.H>
   2          #include <intrins.H>
   3          #include "timer0.h"
   4          #include "key.h"
   5          unsigned char keynum,ledmode;
   6          void main()
   7          {
   8   1              P2=0xfe;
   9   1              timer0_init();
  10   1              while(1)
  11   1              {
  12   2                      keynum=key();
  13   2                      if(keynum)
  14   2                      {
  15   3                              if(keynum==1){ledmode++;if(ledmode>=2)ledmode=0;}
  16   3                              if(keynum==2)P2_2=~P2_2;
  17   3                              if(keynum==3)P2_3=~P2_3;
  18   3                              if(keynum==4)P2_4=~P2_4;
  19   3                      }
  20   2              }
  21   1      }
  22          void t0_rountine() interrupt 1
  23          {
  24   1              static unsigned int t0count;
  25   1              TL0 = 0x66;                             
  26   1              TH0 = 0xFC;     
  27   1              t0count++;
  28   1              if(t0count>=500)
  29   1              {
  30   2                      t0count=0;
  31   2                      if(ledmode==0)P2=_crol_(P2,1);
  32   2                      if(ledmode==1)P2=_cror_(P2,1);
  33   2              }
  34   1      }


MODULE INFORMATION:   STATIC OVERLAYABLE
   CODE SIZE        =    137    ----
   CONSTANT SIZE    =   ----    ----
   XDATA SIZE       =   ----    ----
   PDATA SIZE       =   ----    ----
   DATA SIZE        =      4    ----
   IDATA SIZE       =   ----    ----
   BIT SIZE         =   ----    ----
END OF MODULE INFORMATION.


C51 COMPILATION COMPLETE.  0 WARNING(S),  0 ERROR(S)
