C51 COMPILER V9.54   KEY                                                                   10/30/2023 07:27:25 PAGE 1   


C51 COMPILER V9.54, COMPILATION OF MODULE KEY
OBJECT MODULE PLACED IN .\Objects\key.obj
COMPILER INVOKED BY: S:\Keil5\C51\BIN\C51.EXE key.c OPTIMIZE(8,SPEED) BROWSE DEBUG OBJECTEXTEND PRINT(.\Listings\key.lst
                    -) OBJECT(.\Objects\key.obj)

line level    source

   1          #include <REGX52.H>
   2          #include "delay.h"
   3          
   4          unsigned char key()
   5          {
   6   1              unsigned char keynumber=0;
   7   1              if(P3_1==0){delay(20);while(P3_1==0);delay(20);keynumber=1;}
   8   1              if(P3_0==0){delay(20);while(P3_0==0);delay(20);keynumber=2;}
   9   1              if(P3_2==0){delay(20);while(P3_2==0);delay(20);keynumber=3;}
  10   1              if(P3_3==0){delay(20);while(P3_3==0);delay(20);keynumber=4;}
  11   1              return keynumber;
  12   1      }


MODULE INFORMATION:   STATIC OVERLAYABLE
   CODE SIZE        =     97    ----
   CONSTANT SIZE    =   ----    ----
   XDATA SIZE       =   ----    ----
   PDATA SIZE       =   ----    ----
   DATA SIZE        =   ----       1
   IDATA SIZE       =   ----    ----
   BIT SIZE         =   ----    ----
END OF MODULE INFORMATION.


C51 COMPILATION COMPLETE.  0 WARNING(S),  0 ERROR(S)
