C51 COMPILER V9.54   MAIN                                                                  10/30/2023 07:36:23 PAGE 1   


C51 COMPILER V9.54, COMPILATION OF MODULE MAIN
OBJECT MODULE PLACED IN .\Objects\main.obj
COMPILER INVOKED BY: S:\Keil5\C51\BIN\C51.EXE main.c OPTIMIZE(8,SPEED) BROWSE DEBUG OBJECTEXTEND PRINT(.\Listings\main.l
                    -st) OBJECT(.\Objects\main.obj)

line level    source

   1          #include <REGX52.H>
   2          #include "LCD1602.h"
   3          #include "DS1302.h"
   4          #include "Delay.h"
   5          #include "Timer0.h"
   6          #include "Key.h"
   7          
   8          unsigned char Keynum,MODE=0,Timesetselect,TimeSetFlashTag;
   9          unsigned char second,minute;
  10          
  11          void TimeShow(void)
  12          {
  13   1              DS1302_ReadTime();
  14   1              LCD_ShowNum(1,1,DS1302_Time[0],2);
  15   1              LCD_ShowNum(1,4,DS1302_Time[1],2);
  16   1              LCD_ShowNum(1,7,DS1302_Time[2],2);
  17   1              LCD_ShowNum(2,1,DS1302_Time[3],2);
  18   1              LCD_ShowNum(2,4,DS1302_Time[4],2);
  19   1              LCD_ShowNum(2,7,DS1302_Time[5],2);
  20   1      }
  21          
  22          void TimeSet(void)
  23          {
  24   1              if(Keynum==2)
  25   1              {
  26   2                      Timesetselect++;
  27   2                      Timesetselect%=6;//越位判断
  28   2              }
  29   1              if(Keynum==3)
  30   1              {
  31   2                      DS1302_Time[Timesetselect]++;
  32   2                      if(DS1302_Time[0]>99){DS1302_Time[0]=0;}//判断年
  33   2                      if(DS1302_Time[1]>12){DS1302_Time[1]=1;}//判断月
  34   2                      
  35   2                      if(DS1302_Time[1]==1 || DS1302_Time[1]==3 || DS1302_Time[1]==5 || //大月
  36   2                         DS1302_Time[1]==7 || DS1302_Time[1]==8 || 
  37   2                         DS1302_Time[1]==10 || DS1302_Time[1]==12)//判断日
  38   2                      {
  39   3                              if(DS1302_Time[2]>31){DS1302_Time[2]=1;}                
  40   3                      }
  41   2                      else if(DS1302_Time[1]==4 || DS1302_Time[1]==6 ||                                 //小月
  42   2                         DS1302_Time[1]==9 || DS1302_Time[1]==11)//判断日
  43   2                      {
  44   3                              if(DS1302_Time[2]>30){DS1302_Time[2]=1;}                
  45   3                      }
  46   2                      else if(DS1302_Time[1]==2)
  47   2                      {
  48   3                              if(DS1302_Time[0]%4==0)
  49   3                              {
  50   4                                      if(DS1302_Time[2]>29){DS1302_Time[2]=1;}                        
  51   4                              }
  52   3                              else
  53   3                                      if(DS1302_Time[2]>28){DS1302_Time[2]=1;}
  54   3                      }
C51 COMPILER V9.54   MAIN                                                                  10/30/2023 07:36:23 PAGE 2   

  55   2                      
  56   2                      if(DS1302_Time[3]>23){DS1302_Time[3]=0;}//判断时
  57   2                      if(DS1302_Time[4]>59){DS1302_Time[4]=0;}//判断分
  58   2                      if(DS1302_Time[5]>59){DS1302_Time[5]=0;}//判断秒
  59   2              }
  60   1              if(Keynum==4)
  61   1              {
  62   2                      DS1302_Time[Timesetselect]--;
  63   2                      if(DS1302_Time[0]<0){DS1302_Time[0]=99;}//判断年
  64   2                      if(DS1302_Time[1]<1){DS1302_Time[1]=12;}//判断月
  65   2                      
  66   2                      if(DS1302_Time[1]==1 || DS1302_Time[1]==3 || DS1302_Time[1]==5 || //大月
  67   2                         DS1302_Time[1]==7 || DS1302_Time[1]==8 || 
  68   2                         DS1302_Time[1]==10 || DS1302_Time[1]==12)//判断日
  69   2                      {
  70   3                              if(DS1302_Time[2]<1){DS1302_Time[2]=31;}
  71   3                              if(DS1302_Time[2]>31){DS1302_Time[2]=1;}        
  72   3                      }
  73   2                      else if(DS1302_Time[1]==4 || DS1302_Time[1]==6 ||                                 //小月
  74   2                         DS1302_Time[1]==9 || DS1302_Time[1]==11)//判断日
  75   2                      {
  76   3                              if(DS1302_Time[2]<1){DS1302_Time[2]=30;}
  77   3                              if(DS1302_Time[2]>30){DS1302_Time[2]=1;}
  78   3                      }
  79   2                      else if(DS1302_Time[1]==2)
  80   2                      {
  81   3                              if(DS1302_Time[0]%4==0)
  82   3                              {
  83   4                                      if(DS1302_Time[2]<1){DS1302_Time[2]=29;}
  84   4                                      if(DS1302_Time[2]>29){DS1302_Time[2]=1;}
  85   4                              }
  86   3                              else
  87   3                                      if(DS1302_Time[2]<1){DS1302_Time[2]=28;}
  88   3                                      if(DS1302_Time[2]>28){DS1302_Time[2]=1;}
  89   3                      }
  90   2                      
  91   2                      if(DS1302_Time[3]<0){DS1302_Time[3]=23;}//判断时
  92   2                      if(DS1302_Time[4]<0){DS1302_Time[4]=59;}//判断分
  93   2                      if(DS1302_Time[5]<0){DS1302_Time[5]=59;}//判断秒
  94   2              }
  95   1              
  96   1              if(TimeSetFlashTag==0 && Timesetselect==0){LCD_ShowString(1,1,"  ");}
  97   1              else    LCD_ShowNum(1,1,DS1302_Time[0],2);
  98   1              if(TimeSetFlashTag==0 && Timesetselect==1){LCD_ShowString(1,4,"  ");}
  99   1              else    LCD_ShowNum(1,4,DS1302_Time[1],2);
 100   1              if(TimeSetFlashTag==0 && Timesetselect==2){LCD_ShowString(1,7,"  ");}
 101   1              else    LCD_ShowNum(1,7,DS1302_Time[2],2);
 102   1              if(TimeSetFlashTag==0 && Timesetselect==3){LCD_ShowString(2,1,"  ");}
 103   1              else    LCD_ShowNum(2,1,DS1302_Time[3],2);
 104   1              if(TimeSetFlashTag==0 && Timesetselect==4){LCD_ShowString(2,4,"  ");}
 105   1              else    LCD_ShowNum(2,4,DS1302_Time[4],2);
 106   1              if(TimeSetFlashTag==0 && Timesetselect==5){LCD_ShowString(2,7,"  ");}
 107   1              else    LCD_ShowNum(2,7,DS1302_Time[5],2);
 108   1              
 109   1              //LCD_ShowNum(2,10,TimeSetFlashTag,2);//中断闪烁
 110   1              
 111   1      }
 112          
 113          void main()
 114          {
 115   1              LCD_Init();
 116   1              DS1302_Init();
C51 COMPILER V9.54   MAIN                                                                  10/30/2023 07:36:23 PAGE 3   

 117   1              timer0_init();
 118   1              DS1302_SetTime();
 119   1              LCD_ShowString(1,1,"  -  -  ");
 120   1              LCD_ShowString(2,1,"  :  :  "); 
 121   1              while(1)
 122   1              {
 123   2                      Keynum=key();
 124   2                      if(Keynum==1)
 125   2                      {
 126   3                              if(MODE==0)
 127   3                              {
 128   4                                      MODE=1;
 129   4                                      Timesetselect=0;
 130   4                              }
 131   3                              else if(MODE==1)
 132   3                              {
 133   4                                      MODE=0;
 134   4                                      DS1302_SetTime();
 135   4                              }
 136   3                      }
 137   2                      switch(MODE)
 138   2                      {
 139   3                              case 0:TimeShow();break;
 140   3                              case 1:TimeSet();break;
 141   3                      }
 142   2                      
 143   2              }
 144   1      }
 145          
 146          void t0_rountine() interrupt 1
 147          {
 148   1              static unsigned int t0count = 0;
 149   1              TL0 = 0x66;                             
 150   1              TH0 = 0xFC;     
 151   1              t0count++;
 152   1              if(t0count>=500)
 153   1              {
 154   2                      t0count=0;
 155   2                      TimeSetFlashTag = !TimeSetFlashTag;
 156   2              }
 157   1      }


MODULE INFORMATION:   STATIC OVERLAYABLE
   CODE SIZE        =    966    ----
   CONSTANT SIZE    =     21    ----
   XDATA SIZE       =   ----    ----
   PDATA SIZE       =   ----    ----
   DATA SIZE        =      8    ----
   IDATA SIZE       =   ----    ----
   BIT SIZE         =   ----    ----
END OF MODULE INFORMATION.


C51 COMPILATION COMPLETE.  0 WARNING(S),  0 ERROR(S)
