C51 COMPILER V9.54   MAIN                                                                  07/10/2023 02:32:17 PAGE 1   


C51 COMPILER V9.54, COMPILATION OF MODULE MAIN
OBJECT MODULE PLACED IN .\Objects\main.obj
COMPILER INVOKED BY: S:\Keil5\C51\BIN\C51.EXE main.c OPTIMIZE(8,SPEED) BROWSE DEBUG OBJECTEXTEND PRINT(.\Listings\main.l
                    -st) TABS(2) OBJECT(.\Objects\main.obj)

line level    source

   1          #include <REGX52.H>
   2          #include <intrins.H>
   3          void Delay1ms(unsigned int time)    //@11.0592MHz
   4          {
   5   1        unsigned char data i, j;
   6   1        while(time--)
   7   1        {
   8   2          _nop_();
   9   2        i = 2;
  10   2        j = 199;
  11   2        do
  12   2        {
  13   3          while (--j);
  14   3        } while (--i);
  15   2        }
  16   1      }
  17          void main()
  18          {
  19   1        while(1)
  20   1        {
  21   2          P2=0xfe;
  22   2          Delay1ms(100);
  23   2          P2=0xfd;
  24   2          Delay1ms(100);
  25   2          P2=0xfb;
  26   2          Delay1ms(100);
  27   2          P2=0xf7;
  28   2          Delay1ms(100);
  29   2          P2=0xef;
  30   2          Delay1ms(100);
  31   2          P2=0xdf;
  32   2          Delay1ms(100);
  33   2          P2=0xbf;
  34   2          Delay1ms(100);
  35   2          P2=0x7f;
  36   2          Delay1ms(100);
  37   2        }
  38   1        
  39   1      }


MODULE INFORMATION:   STATIC OVERLAYABLE
   CODE SIZE        =     76    ----
   CONSTANT SIZE    =   ----    ----
   XDATA SIZE       =   ----    ----
   PDATA SIZE       =   ----    ----
   DATA SIZE        =   ----    ----
   IDATA SIZE       =   ----    ----
   BIT SIZE         =   ----    ----
END OF MODULE INFORMATION.


C51 COMPILATION COMPLETE.  0 WARNING(S),  0 ERROR(S)
