C51 COMPILER V9.54   IR                                                                    11/07/2023 05:47:11 PAGE 1   


C51 COMPILER V9.54, COMPILATION OF MODULE IR
OBJECT MODULE PLACED IN .\Objects\IR.obj
COMPILER INVOKED BY: S:\Keil5\C51\BIN\C51.EXE IR.c OPTIMIZE(8,SPEED) BROWSE DEBUG OBJECTEXTEND PRINT(.\Listings\IR.lst) 
                    -OBJECT(.\Objects\IR.obj)

line level    source

   1          #include <REGX52.H>
   2          #include "Int0.h"
   3          #include "timer0.h"
   4          
   5          unsigned int IR_Time;
   6          unsigned char IR_Start;
   7          
   8          unsigned char IR_Data[4];
   9          unsigned char IR_pData;
  10          
  11          unsigned char IR_DataFlag;
  12          unsigned char IR_RepeatFlag;
  13          unsigned char IR_Address;
  14          unsigned char IR_Command;
  15          
  16          void IR_Init(void)
  17          {
  18   1              Int0_Init();
  19   1              timer0_init();
  20   1      }
  21          
  22          unsigned char IR_GetDataFlag(void)
  23          {
  24   1              if(IR_DataFlag)
  25   1              {
  26   2                      IR_DataFlag=0;
  27   2                      return 1;
  28   2              }
  29   1              return 0;
  30   1      }
  31          
  32          unsigned char IR_GetRepeatFlag(void)
  33          {
  34   1              if(IR_RepeatFlag)
  35   1              {
  36   2                      IR_RepeatFlag=0;
  37   2                      return 1;
  38   2              }
  39   1              return 0;
  40   1      }
  41          
  42          unsigned char IR_GetAddress(void)
  43          {
  44   1              return IR_Address;
  45   1      }
  46          
  47          unsigned char IR_GetCommand(void)
  48          {
  49   1              return IR_Command;
  50   1      }
  51          
  52          void Int0_Routine(void) interrupt 0     //下降沿触发
  53          {
  54   1              if(IR_Start==0)//IR_Start==0为空闲状态，等待开始或重发
C51 COMPILER V9.54   IR                                                                    11/07/2023 05:47:11 PAGE 2   

  55   1              {
  56   2                      Time0_SetCounter(0);
  57   2                      Time0_Run(1);
  58   2                      IR_Start=1;
  59   2              }
  60   1              else if(IR_Start==1)//IR_Start==1时搜寻起始信号
  61   1              {
  62   2                      IR_Time=Time0_GetCounter();
  63   2                      Time0_SetCounter(0);
  64   2                      if(IR_Time>13500/1.08-500 && IR_Time<13500/1.08+500)//搜寻到开始状态，进入数据发送
  65   2                      {
  66   3                              IR_Start=2;
  67   3                      }
  68   2                      else if(IR_Time>11250/1.08-500 && IR_Time<11250/1.08+500)//搜寻到重复状态，进入空闲
  69   2                      {
  70   3                              Time0_Run(0);
  71   3                              IR_Start=0;
  72   3                              IR_RepeatFlag=1;
  73   3                      }
  74   2                      else
  75   2                              IR_Start=1;
  76   2              }
  77   1              else if(IR_Start==2)
  78   1              {
  79   2                      IR_Time=Time0_GetCounter();
  80   2                      Time0_SetCounter(0);
  81   2                      if(IR_Time>1120/1.08-200 && IR_Time<1120/1.08+200)//开始状态
  82   2                      {
  83   3                              IR_Data[IR_pData/8]&= ~(0x01<<(IR_pData%8));
  84   3                              IR_pData++;
  85   3                      }
  86   2                      else if(IR_Time>2250/1.08-200 && IR_Time<2250/1.08+200)//开始状态
  87   2                      {
  88   3                              IR_Data[IR_pData/8] |= (0x01<<(IR_pData%8));
  89   3                              IR_pData++;
  90   3                      }
  91   2                      else
  92   2                      {
  93   3                              IR_pData=0;
  94   3                              IR_Start=1;
  95   3                      }
  96   2                      if(IR_pData>=32)//已搜寻完信号
  97   2                      {
  98   3                              IR_pData=0;
  99   3                              if((IR_Data[0]==~IR_Data[1]) && (IR_Data[2]==~IR_Data[3]))
 100   3                              {
 101   4                                      IR_Address=IR_Data[0];
 102   4                                      IR_Command=IR_Data[2];
 103   4                                      IR_DataFlag=1;
 104   4                              }
 105   3                              Time0_Run(0);
 106   3                              IR_Start=0;
 107   3                      }
 108   2              }
 109   1      }


MODULE INFORMATION:   STATIC OVERLAYABLE
   CODE SIZE        =    474    ----
   CONSTANT SIZE    =   ----    ----
   XDATA SIZE       =   ----    ----
   PDATA SIZE       =   ----    ----
C51 COMPILER V9.54   IR                                                                    11/07/2023 05:47:11 PAGE 3   

   DATA SIZE        =     12    ----
   IDATA SIZE       =   ----    ----
   BIT SIZE         =   ----    ----
END OF MODULE INFORMATION.


C51 COMPILATION COMPLETE.  0 WARNING(S),  0 ERROR(S)
