C51 COMPILER V9.54   MAIN                                                                  11/02/2023 03:36:45 PAGE 1   


C51 COMPILER V9.54, COMPILATION OF MODULE MAIN
OBJECT MODULE PLACED IN .\Objects\main.obj
COMPILER INVOKED BY: S:\Keil5\C51\BIN\C51.EXE main.c OPTIMIZE(8,SPEED) BROWSE DEBUG OBJECTEXTEND PRINT(.\Listings\main.l
                    -st) OBJECT(.\Objects\main.obj)

line level    source

   1          #include <REGX52.H>
   2          #include "timer0.h"
   3          #include "nixie.h"
   4          #include "delay.h"
   5          #include "key.h"
   6          #include "AT24C02.h"
   7          
   8          unsigned char keynum;
   9          unsigned char Min,Sec,MiniSec;
  10          unsigned char RunFlag=0;
  11          
  12          void Sec_Loop(void)
  13          {
  14   1              if(RunFlag)
  15   1              {
  16   2                      MiniSec++;
  17   2                      if(MiniSec>=100)
  18   2                      {
  19   3                              Sec++;
  20   3                              MiniSec=0;
  21   3                              if(Sec>=60)
  22   3                              {
  23   4                                      Min++;
  24   4                                      Sec=0;
  25   4                                      if(Min>=60)
  26   4                                      {
  27   5                                              Min=0;
  28   5                                      }
  29   4                              }
  30   3                      }
  31   2              }
  32   1      }
  33          
  34          void main()
  35          {
  36   1              timer0_init();
  37   1              while(1)
  38   1              {
  39   2                      keynum=key();
  40   2                      if(keynum==1)//开始计时
  41   2                      {
  42   3                              RunFlag=!RunFlag; 
  43   3                      }
  44   2                      if(keynum==2)//计时清零
  45   2                      {
  46   3                              Min=0;
  47   3                              Sec=0;
  48   3                              MiniSec=0;
  49   3                      }
  50   2                      if(keynum==3)//计时数值写入内存
  51   2                      {
  52   3                              AT24C02_WriteByte(0,Min);
  53   3                              delay(5);
  54   3                              AT24C02_WriteByte(1,Sec);
C51 COMPILER V9.54   MAIN                                                                  11/02/2023 03:36:45 PAGE 2   

  55   3                              delay(5);
  56   3                              AT24C02_WriteByte(2,MiniSec);
  57   3                              delay(5);
  58   3                      }
  59   2                      if(keynum==4)//读出内存中计时数值
  60   2                      {
  61   3                              Min=AT24C02_ReadByte(0);
  62   3                              Sec=AT24C02_ReadByte(1);
  63   3                              MiniSec=AT24C02_ReadByte(2);
  64   3                      }
  65   2                      Nixie_SetBuf(1,Min/10);
  66   2                      Nixie_SetBuf(2,Min%10);
  67   2                      Nixie_SetBuf(3,11);
  68   2                      Nixie_SetBuf(4,Sec/10);
  69   2                      Nixie_SetBuf(5,Sec%10);
  70   2                      Nixie_SetBuf(6,11);
  71   2                      Nixie_SetBuf(7,MiniSec/10);
  72   2                      Nixie_SetBuf(8,MiniSec%10);
  73   2              }
  74   1      }
  75          
  76          void t0_rountine() interrupt 1
  77          {
  78   1              static unsigned int t0count1 = 0;//按键扫描
  79   1              static unsigned int t0count2 = 0;//数码管扫描
  80   1              static unsigned int t0count3 = 0;//秒表计时
  81   1              TL0 = 0x66;                             
  82   1              TH0 = 0xFC;     
  83   1              t0count1++;
  84   1              t0count2++;
  85   1              t0count3++;
  86   1              if(t0count1>=20)
  87   1              {
  88   2                      t0count1=0;
  89   2                      Key_Loop();
  90   2              }
  91   1              if(t0count2>=2)
  92   1              {
  93   2                      t0count2=0;
  94   2                      Nixie_Loop();
  95   2              }
  96   1              if(t0count3>=10)
  97   1              {
  98   2                      t0count3=0;
  99   2                      Sec_Loop();
 100   2              }
 101   1      }


MODULE INFORMATION:   STATIC OVERLAYABLE
   CODE SIZE        =    416    ----
   CONSTANT SIZE    =   ----    ----
   XDATA SIZE       =   ----    ----
   PDATA SIZE       =   ----    ----
   DATA SIZE        =     11    ----
   IDATA SIZE       =   ----    ----
   BIT SIZE         =   ----    ----
END OF MODULE INFORMATION.


C51 COMPILATION COMPLETE.  0 WARNING(S),  0 ERROR(S)
