C51 COMPILER V9.54   MAIN                                                                  11/04/2023 06:31:53 PAGE 1   


C51 COMPILER V9.54, COMPILATION OF MODULE MAIN
OBJECT MODULE PLACED IN .\Objects\main.obj
COMPILER INVOKED BY: S:\Keil5\C51\BIN\C51.EXE main.c OPTIMIZE(8,SPEED) BROWSE DEBUG OBJECTEXTEND PRINT(.\Listings\main.l
                    -st) OBJECT(.\Objects\main.obj)

line level    source

   1          #include <REGX52.H>
   2          #include "LCD1602.h"
   3          #include "delay.h"
   4          
   5          
   6          void main()
   7          {
   8   1              LCD1602_Init();
   9   1              LCD1602_ShowChar(1,1,'\'');
  10   1              LCD1602_ShowString(1,3,"hs\\");
  11   1              LCD1602_ShowNum(1,7,1826,3);
  12   1              LCD1602_ShowSignedNum(1,11,1826,4);
  13   1              LCD1602_ShowHexNum(2,1,0xA5,2);
  14   1              LCD1602_ShowBinNum(2,4,0xA5,8);
  15   1              LCD1602_ShowChar(2,13,0xdf);
  16   1              LCD1602_ShowChar(2,13,'C');
  17   1              LCD1602_ShowString(1,3,"I am too sad>-<");
  18   1              while(1)
  19   1              {
  20   2                      LCD1602_WriteCommand(0x18);//ÒÆÆÁÖ¸Áî
  21   2                      delay(500);
  22   2              }
  23   1      }


MODULE INFORMATION:   STATIC OVERLAYABLE
   CODE SIZE        =    126    ----
   CONSTANT SIZE    =     20    ----
   XDATA SIZE       =   ----    ----
   PDATA SIZE       =   ----    ----
   DATA SIZE        =   ----    ----
   IDATA SIZE       =   ----    ----
   BIT SIZE         =   ----    ----
END OF MODULE INFORMATION.


C51 COMPILATION COMPLETE.  0 WARNING(S),  0 ERROR(S)
