C51 COMPILER V9.54   MAIN                                                                  07/23/2023 23:57:29 PAGE 1   


C51 COMPILER V9.54, COMPILATION OF MODULE MAIN
OBJECT MODULE PLACED IN .\Objects\main.obj
COMPILER INVOKED BY: S:\Keil5\C51\BIN\C51.EXE main.c OPTIMIZE(8,SPEED) BROWSE DEBUG OBJECTEXTEND PRINT(.\Listings\main.l
                    -st) OBJECT(.\Objects\main.obj)

line level    source

   1          #include <REGX52.H>
   2          #include "delay.h"
*** WARNING C318 IN LINE 2 OF main.c: can't open file 'delay.h'
   3          
   4          void Uart_Init()
   5          {
   6   1              SCON=0X40;
   7   1              PCON=0;
   8   1              TMOD &= 0X0F;
   9   1              TMOD |= 0X20;
  10   1              TL1 = 0X18;
  11   1              TH1 = OXFC;
*** ERROR C202 IN LINE 11 OF main.c: 'OXFC': undefined identifier
  12   1              TF1 = 0;
  13   1              TR1 = 1;
  14   1              ET0 = 1;
  15   1              EA = 1;
  16   1              PT0 = 0;
  17   1      }
  18          
  19          void UartInit(void)             //9600bps@11.0592MHz
  20          {
  21   1              PCON &= 0x7F;           //波特率不倍速
  22   1              SCON = 0x50;            //8位数据,可变波特率
  23   1              AUXR &= 0xBF;           //定时器时钟12T模式
*** ERROR C202 IN LINE 23 OF main.c: 'AUXR': undefined identifier
  24   1              AUXR &= 0xFE;           //串口1选择定时器1为波特率发生器
*** ERROR C202 IN LINE 24 OF main.c: 'AUXR': undefined identifier
  25   1              TMOD &= 0x0F;           //设置定时器模式
  26   1              TMOD |= 0x20;           //设置定时器模式
  27   1              TL1 = 0xFD;                     //设置定时初始值
  28   1              TH1 = 0xFD;                     //设置定时重载值
  29   1              ET1 = 0;                        //禁止定时器中断
  30   1              TR1 = 1;                        //定时器1开始计时
  31   1      }
  32          
  33          
  34          void main()
  35          {
  36   1              while(1)
  37   1              {
  38   2                      ；
*** ERROR C100 IN LINE 38 OF main.c: unprintable character 0xA3 skipped
*** ERROR C100 IN LINE 38 OF main.c: unprintable character 0xBB skipped
  39   2              }
  40   1      }

C51 COMPILATION COMPLETE.  1 WARNING(S),  5 ERROR(S)
