C51 COMPILER V9.54   UART                                                                  08/04/2023 05:38:58 PAGE 1   


C51 COMPILER V9.54, COMPILATION OF MODULE UART
OBJECT MODULE PLACED IN .\Objects\UART.obj
COMPILER INVOKED BY: S:\Keil5\C51\BIN\C51.EXE UART.c OPTIMIZE(8,SPEED) BROWSE DEBUG OBJECTEXTEND PRINT(.\Listings\UART.l
                    -st) OBJECT(.\Objects\UART.obj)

line level    source

   1          #include <REGX52.H>
   2          /**
   3            * @brief  串口初始化
   4            * @param  无
   5            * @retval 无
   6            */
   7          void Uart_Init()                //4800bps@11.0592MHz
   8          {
   9   1              SCON = 0x40;            //8位数据,可变波特率
  10   1              PCON |= 0x80;           //使能波特率倍速位SMOD
  11   1              TMOD &= 0x0F;           //设置定时器模式
  12   1              TMOD |= 0x20;           //设置定时器模式
  13   1              TL1 = 0xF4;                     //设置定时初始值
  14   1              TH1 = 0xF4;                     //设置定时重载值
  15   1              ET1 = 0;                        //禁止定时器中断
  16   1              TR1 = 1;                        //定时器1开始计时
  17   1      }
  18          /**
  19            * @brief  串口发送一个字节数据
  20            * @param  byte 
  21            * @retval 无
  22            */
  23          void Uart_sendbyte(unsigned char byte)
  24          {
  25   1              SBUF=byte;
  26   1              while(TI==0);
  27   1              TI=0;
  28   1      }


MODULE INFORMATION:   STATIC OVERLAYABLE
   CODE SIZE        =     31    ----
   CONSTANT SIZE    =   ----    ----
   XDATA SIZE       =   ----    ----
   PDATA SIZE       =   ----    ----
   DATA SIZE        =   ----    ----
   IDATA SIZE       =   ----    ----
   BIT SIZE         =   ----    ----
END OF MODULE INFORMATION.


C51 COMPILATION COMPLETE.  0 WARNING(S),  0 ERROR(S)
