C51 COMPILER V9.54   MAIN                                                                  07/14/2023 07:09:39 PAGE 1   


C51 COMPILER V9.54, COMPILATION OF MODULE MAIN
OBJECT MODULE PLACED IN .\Objects\main.obj
COMPILER INVOKED BY: S:\Keil5\C51\BIN\C51.EXE main.c OPTIMIZE(8,SPEED) BROWSE DEBUG OBJECTEXTEND PRINT(.\Listings\main.l
                    -st) OBJECT(.\Objects\main.obj)

line level    source

   1          #include <REGX52.H>
   2          #include <intrins.h>
   3          void delay(unsigned int time)           //@11.0592MHz
   4          {
   5   1              unsigned char data i, j;
   6   1              while(time--)
   7   1              {       
   8   2                      _nop_();
   9   2                      i = 2;
  10   2                      j = 199;
  11   2                      do
  12   2                      {
  13   3                              while (--j);
  14   3                      } while (--i);
  15   2              }
  16   1      }
  17          
  18          unsigned char numnum[]={0x3f,0x06,0x5b,0x4f,0x66,0x6d,0x7d,0x07,0x7f,0x6f};
  19          void nixie(unsigned char location,num)
  20          {
  21   1              switch(location)
  22   1              {
  23   2                      case 1:
  24   2                              P2_4=1;P2_3=1;P2_2=1;break;
  25   2                      case 2:
  26   2                              P2_4=1;P2_3=1;P2_2=0;break;
  27   2                      case 3:
  28   2                              P2_4=1;P2_3=0;P2_2=1;break;
  29   2                      case 4:
  30   2                              P2_4=1;P2_3=0;P2_2=0;break;
  31   2                      case 5:
  32   2                              P2_4=0;P2_3=1;P2_2=1;break;
  33   2                      case 6:
  34   2                              P2_4=0;P2_3=1;P2_2=0;break;
  35   2                      case 7:
  36   2                              P2_4=0;P2_3=0;P2_2=1;break;
  37   2                      case 8:
  38   2                              P2_4=0;P2_3=0;P2_2=0;break;
  39   2              }
  40   1              P0=numnum[num];
  41   1              delay(1);
  42   1              P0=0x00;//数码管消影
  43   1      }
  44          
  45          void main()
  46          {
  47   1              while(1)
  48   1              {
  49   2                      nixie(1,1);
  50   2                      nixie(2,9);
  51   2                      nixie(3,9);
  52   2                      nixie(4,5);
  53   2                      nixie(5,0);
  54   2                      nixie(6,7);
C51 COMPILER V9.54   MAIN                                                                  07/14/2023 07:09:39 PAGE 2   

  55   2                      nixie(7,2);
  56   2                      nixie(8,6);
  57   2              }
  58   1      }


MODULE INFORMATION:   STATIC OVERLAYABLE
   CODE SIZE        =    204    ----
   CONSTANT SIZE    =   ----    ----
   XDATA SIZE       =   ----    ----
   PDATA SIZE       =   ----    ----
   DATA SIZE        =     10    ----
   IDATA SIZE       =   ----    ----
   BIT SIZE         =   ----    ----
END OF MODULE INFORMATION.


C51 COMPILATION COMPLETE.  0 WARNING(S),  0 ERROR(S)
