C51 COMPILER V9.54   MAIN                                                                  11/05/2023 06:18:29 PAGE 1   


C51 COMPILER V9.54, COMPILATION OF MODULE MAIN
OBJECT MODULE PLACED IN .\Objects\main.obj
COMPILER INVOKED BY: S:\Keil5\C51\BIN\C51.EXE main.c OPTIMIZE(8,SPEED) BROWSE DEBUG OBJECTEXTEND PRINT(.\Listings\main.l
                    -st) OBJECT(.\Objects\main.obj)

line level    source

   1          #include <REGX52.H>
   2          #include "delay.h"
   3          #include "key.h"
   4          #include "nixie.h"
   5          #include "timer0.h"
   6          
   7          sbit Motor=P1^0;
   8          
   9          unsigned char Counter,Compare;
  10          unsigned char Speed=0;
  11          
  12          void main()
  13          {
  14   1              timer0_init();
  15   1              while(1)
  16   1              {
  17   2                      if(key()==1)
  18   2                      {
  19   3                              Speed++;
  20   3                              Speed%=4;
  21   3                              if(Speed==0){Compare=0;}
  22   3                              if(Speed==1){Compare=50;}
  23   3                              if(Speed==2){Compare=75;}
  24   3                              if(Speed==3){Compare=100;}
  25   3                      }
  26   2                      
  27   2                      nixie(1,Speed);
  28   2              }
  29   1      }
  30          
  31          void t0_rountine() interrupt 1 //100us
  32          {
  33   1              TL0 = 0xA4;                             
  34   1              TH0 = 0xFF;     
  35   1              Counter++;//µç»ú
  36   1              Counter%=100;
  37   1              if(Counter<Compare)
  38   1              {
  39   2                      Motor=1;
  40   2              }
  41   1              else
  42   1              {
  43   2                      Motor=0;        
  44   2              }
  45   1      }


MODULE INFORMATION:   STATIC OVERLAYABLE
   CODE SIZE        =    101    ----
   CONSTANT SIZE    =   ----    ----
   XDATA SIZE       =   ----    ----
   PDATA SIZE       =   ----    ----
   DATA SIZE        =      3    ----
   IDATA SIZE       =   ----    ----
C51 COMPILER V9.54   MAIN                                                                  11/05/2023 06:18:29 PAGE 2   

   BIT SIZE         =   ----    ----
END OF MODULE INFORMATION.


C51 COMPILATION COMPLETE.  0 WARNING(S),  0 ERROR(S)
